
*** Running vivado
    with args -log convolutionSystem_xbar_0.vds -m64 -product Vivado -mode batch -messageDb vivado.pb -notrace -source convolutionSystem_xbar_0.tcl


****** Vivado v2023.1 (64-bit)
  **** SW Build 3865809 on Sun May  7 15:04:56 MDT 2023
  **** IP Build 3864474 on Sun May  7 20:36:21 MDT 2023
  **** SharedData Build 3865790 on Sun May 07 13:33:03 MDT 2023
    ** Copyright 1986-2022 Xilinx, Inc. All Rights Reserved.
    ** Copyright 2022-2023 Advanced Micro Devices, Inc. All Rights Reserved.

source convolutionSystem_xbar_0.tcl -notrace
create_project: Time (s): cpu = 00:00:22 ; elapsed = 00:00:22 . Memory (MB): peak = 1274.664 ; gain = 0.023 ; free physical = 2242 ; free virtual = 8899
INFO: [IP_Flow 19-234] Refreshing IP repositories
INFO: [IP_Flow 19-1700] Loaded user IP repository '/home/niranjan/XilinxToolsProjects/ip_repo'.
INFO: [IP_Flow 19-2313] Loaded Vivado IP repository '/tools/Xilinx/Vivado/2023.1/data/ip'.
INFO: [IP_Flow 19-6924] IPCACHE: Running cache check for IP inst: convolutionSystem_xbar_0
Command: synth_design -top convolutionSystem_xbar_0 -part xc7z020clg400-1 -incremental_mode off -mode out_of_context
Starting synth_design
Attempting to get a license for feature 'Synthesis' and/or device 'xc7z020'
INFO: [Common 17-349] Got license for feature 'Synthesis' and/or device 'xc7z020'
INFO: [Device 21-403] Loading part xc7z020clg400-1
INFO: [Synth 8-7079] Multithreading enabled for synth_design using a maximum of 4 processes.
INFO: [Synth 8-7078] Launching helper process for spawning children vivado processes
INFO: [Synth 8-7075] Helper process launched with PID 19738
---------------------------------------------------------------------------------
Starting RTL Elaboration : Time (s): cpu = 00:00:18 ; elapsed = 00:00:32 . Memory (MB): peak = 2038.590 ; gain = 376.801 ; free physical = 139 ; free virtual = 672
---------------------------------------------------------------------------------

*** Running vivado
    with args -log convolutionSystem_xbar_0.vds -m64 -product Vivado -mode batch -messageDb vivado.pb -notrace -source convolutionSystem_xbar_0.tcl


****** Vivado v2023.1 (64-bit)
  **** SW Build 3865809 on Sun May  7 15:04:56 MDT 2023
  **** IP Build 3864474 on Sun May  7 20:36:21 MDT 2023
  **** SharedData Build 3865790 on Sun May 07 13:33:03 MDT 2023
    ** Copyright 1986-2022 Xilinx, Inc. All Rights Reserved.
    ** Copyright 2022-2023 Advanced Micro Devices, Inc. All Rights Reserved.

source convolutionSystem_xbar_0.tcl -notrace
create_project: Time (s): cpu = 00:00:11 ; elapsed = 00:00:11 . Memory (MB): peak = 1335.656 ; gain = 0.023 ; free physical = 6816 ; free virtual = 11676
INFO: [IP_Flow 19-234] Refreshing IP repositories
INFO: [IP_Flow 19-1700] Loaded user IP repository '/home/niranjan/XilinxToolsProjects/ip_repo'.
INFO: [IP_Flow 19-2313] Loaded Vivado IP repository '/tools/Xilinx/Vivado/2023.1/data/ip'.
INFO: [IP_Flow 19-6924] IPCACHE: Running cache check for IP inst: convolutionSystem_xbar_0
Command: synth_design -top convolutionSystem_xbar_0 -part xc7z020clg400-1 -incremental_mode off -mode out_of_context
Starting synth_design
Attempting to get a license for feature 'Synthesis' and/or device 'xc7z020'
INFO: [Common 17-349] Got license for feature 'Synthesis' and/or device 'xc7z020'
INFO: [Device 21-403] Loading part xc7z020clg400-1
INFO: [Synth 8-7079] Multithreading enabled for synth_design using a maximum of 4 processes.
INFO: [Synth 8-7078] Launching helper process for spawning children vivado processes
INFO: [Synth 8-7075] Helper process launched with PID 23445
---------------------------------------------------------------------------------
Starting RTL Elaboration : Time (s): cpu = 00:00:09 ; elapsed = 00:00:10 . Memory (MB): peak = 2039.020 ; gain = 377.770 ; free physical = 5759 ; free virtual = 10643
---------------------------------------------------------------------------------
INFO: [Synth 8-6157] synthesizing module 'convolutionSystem_xbar_0' [/home/niranjan/XilinxToolsProjects/convolutionSystem/convolutionSystem.gen/sources_1/bd/convolutionSystem/ip/convolutionSystem_xbar_0/synth/convolutionSystem_xbar_0.v:53]
INFO: [Synth 8-6157] synthesizing module 'axi_crossbar_v2_1_29_axi_crossbar' [/home/niranjan/XilinxToolsProjects/convolutionSystem/convolutionSystem.gen/sources_1/bd/convolutionSystem/ipshared/f8f3/hdl/axi_crossbar_v2_1_vl_rfs.v:4883]
INFO: [Synth 8-6157] synthesizing module 'axi_crossbar_v2_1_29_crossbar' [/home/niranjan/XilinxToolsProjects/convolutionSystem/convolutionSystem.gen/sources_1/bd/convolutionSystem/ipshared/f8f3/hdl/axi_crossbar_v2_1_vl_rfs.v:2238]
INFO: [Synth 8-6157] synthesizing module 'axi_crossbar_v2_1_29_si_transactor' [/home/niranjan/XilinxToolsProjects/convolutionSystem/convolutionSystem.gen/sources_1/bd/convolutionSystem/ipshared/f8f3/hdl/axi_crossbar_v2_1_vl_rfs.v:3799]
INFO: [Synth 8-6157] synthesizing module 'axi_crossbar_v2_1_29_addr_decoder' [/home/niranjan/XilinxToolsProjects/convolutionSystem/convolutionSystem.gen/sources_1/bd/convolutionSystem/ipshared/f8f3/hdl/axi_crossbar_v2_1_vl_rfs.v:793]
INFO: [Synth 8-6157] synthesizing module 'generic_baseblocks_v2_1_0_comparator_static' [/home/niranjan/XilinxToolsProjects/convolutionSystem/convolutionSystem.gen/sources_1/bd/convolutionSystem/ipshared/b752/hdl/generic_baseblocks_v2_1_vl_rfs.v:2132]
INFO: [Synth 8-6157] synthesizing module 'generic_baseblocks_v2_1_0_carry_and' [/home/niranjan/XilinxToolsProjects/convolutionSystem/convolutionSystem.gen/sources_1/bd/convolutionSystem/ipshared/b752/hdl/generic_baseblocks_v2_1_vl_rfs.v:61]
INFO: [Synth 8-6155] done synthesizing module 'generic_baseblocks_v2_1_0_carry_and' (0#1) [/home/niranjan/XilinxToolsProjects/convolutionSystem/convolutionSystem.gen/sources_1/bd/convolutionSystem/ipshared/b752/hdl/generic_baseblocks_v2_1_vl_rfs.v:61]
INFO: [Synth 8-6155] done synthesizing module 'generic_baseblocks_v2_1_0_comparator_static' (0#1) [/home/niranjan/XilinxToolsProjects/convolutionSystem/convolutionSystem.gen/sources_1/bd/convolutionSystem/ipshared/b752/hdl/generic_baseblocks_v2_1_vl_rfs.v:2132]
INFO: [Synth 8-6157] synthesizing module 'generic_baseblocks_v2_1_0_comparator_static__parameterized0' [/home/niranjan/XilinxToolsProjects/convolutionSystem/convolutionSystem.gen/sources_1/bd/convolutionSystem/ipshared/b752/hdl/generic_baseblocks_v2_1_vl_rfs.v:2132]
INFO: [Synth 8-6155] done synthesizing module 'generic_baseblocks_v2_1_0_comparator_static__parameterized0' (0#1) [/home/niranjan/XilinxToolsProjects/convolutionSystem/convolutionSystem.gen/sources_1/bd/convolutionSystem/ipshared/b752/hdl/generic_baseblocks_v2_1_vl_rfs.v:2132]
INFO: [Synth 8-6155] done synthesizing module 'axi_crossbar_v2_1_29_addr_decoder' (0#1) [/home/niranjan/XilinxToolsProjects/convolutionSystem/convolutionSystem.gen/sources_1/bd/convolutionSystem/ipshared/f8f3/hdl/axi_crossbar_v2_1_vl_rfs.v:793]
INFO: [Synth 8-6157] synthesizing module 'axi_data_fifo_v2_1_27_axic_srl_fifo' [/home/niranjan/XilinxToolsProjects/convolutionSystem/convolutionSystem.gen/sources_1/bd/convolutionSystem/ipshared/fab7/hdl/axi_data_fifo_v2_1_vl_rfs.v:697]
INFO: [Synth 8-6157] synthesizing module 'axi_data_fifo_v2_1_27_ndeep_srl' [/home/niranjan/XilinxToolsProjects/convolutionSystem/convolutionSystem.gen/sources_1/bd/convolutionSystem/ipshared/fab7/hdl/axi_data_fifo_v2_1_vl_rfs.v:1134]
INFO: [Synth 8-6157] synthesizing module 'SRLC32E' [/tools/Xilinx/Vivado/2023.1/scripts/rt/data/unisim_comp.v:132323]
INFO: [Synth 8-6155] done synthesizing module 'SRLC32E' (0#1) [/tools/Xilinx/Vivado/2023.1/scripts/rt/data/unisim_comp.v:132323]
INFO: [Synth 8-6155] done synthesizing module 'axi_data_fifo_v2_1_27_ndeep_srl' (0#1) [/home/niranjan/XilinxToolsProjects/convolutionSystem/convolutionSystem.gen/sources_1/bd/convolutionSystem/ipshared/fab7/hdl/axi_data_fifo_v2_1_vl_rfs.v:1134]
INFO: [Synth 8-6155] done synthesizing module 'axi_data_fifo_v2_1_27_axic_srl_fifo' (0#1) [/home/niranjan/XilinxToolsProjects/convolutionSystem/convolutionSystem.gen/sources_1/bd/convolutionSystem/ipshared/fab7/hdl/axi_data_fifo_v2_1_vl_rfs.v:697]
INFO: [Synth 8-6157] synthesizing module 'generic_baseblocks_v2_1_0_mux_enc' [/home/niranjan/XilinxToolsProjects/convolutionSystem/convolutionSystem.gen/sources_1/bd/convolutionSystem/ipshared/b752/hdl/generic_baseblocks_v2_1_vl_rfs.v:2451]
INFO: [Synth 8-6155] done synthesizing module 'generic_baseblocks_v2_1_0_mux_enc' (0#1) [/home/niranjan/XilinxToolsProjects/convolutionSystem/convolutionSystem.gen/sources_1/bd/convolutionSystem/ipshared/b752/hdl/generic_baseblocks_v2_1_vl_rfs.v:2451]
INFO: [Synth 8-6155] done synthesizing module 'axi_crossbar_v2_1_29_si_transactor' (0#1) [/home/niranjan/XilinxToolsProjects/convolutionSystem/convolutionSystem.gen/sources_1/bd/convolutionSystem/ipshared/f8f3/hdl/axi_crossbar_v2_1_vl_rfs.v:3799]
INFO: [Synth 8-6157] synthesizing module 'axi_crossbar_v2_1_29_si_transactor__parameterized0' [/home/niranjan/XilinxToolsProjects/convolutionSystem/convolutionSystem.gen/sources_1/bd/convolutionSystem/ipshared/f8f3/hdl/axi_crossbar_v2_1_vl_rfs.v:3799]
INFO: [Synth 8-6157] synthesizing module 'generic_baseblocks_v2_1_0_mux_enc__parameterized0' [/home/niranjan/XilinxToolsProjects/convolutionSystem/convolutionSystem.gen/sources_1/bd/convolutionSystem/ipshared/b752/hdl/generic_baseblocks_v2_1_vl_rfs.v:2451]
INFO: [Synth 8-6155] done synthesizing module 'generic_baseblocks_v2_1_0_mux_enc__parameterized0' (0#1) [/home/niranjan/XilinxToolsProjects/convolutionSystem/convolutionSystem.gen/sources_1/bd/convolutionSystem/ipshared/b752/hdl/generic_baseblocks_v2_1_vl_rfs.v:2451]
INFO: [Synth 8-6155] done synthesizing module 'axi_crossbar_v2_1_29_si_transactor__parameterized0' (0#1) [/home/niranjan/XilinxToolsProjects/convolutionSystem/convolutionSystem.gen/sources_1/bd/convolutionSystem/ipshared/f8f3/hdl/axi_crossbar_v2_1_vl_rfs.v:3799]
INFO: [Synth 8-6157] synthesizing module 'axi_crossbar_v2_1_29_splitter' [/home/niranjan/XilinxToolsProjects/convolutionSystem/convolutionSystem.gen/sources_1/bd/convolutionSystem/ipshared/f8f3/hdl/axi_crossbar_v2_1_vl_rfs.v:4460]
INFO: [Synth 8-6155] done synthesizing module 'axi_crossbar_v2_1_29_splitter' (0#1) [/home/niranjan/XilinxToolsProjects/convolutionSystem/convolutionSystem.gen/sources_1/bd/convolutionSystem/ipshared/f8f3/hdl/axi_crossbar_v2_1_vl_rfs.v:4460]
INFO: [Synth 8-6157] synthesizing module 'axi_crossbar_v2_1_29_wdata_router' [/home/niranjan/XilinxToolsProjects/convolutionSystem/convolutionSystem.gen/sources_1/bd/convolutionSystem/ipshared/f8f3/hdl/axi_crossbar_v2_1_vl_rfs.v:4735]
INFO: [Synth 8-6157] synthesizing module 'axi_data_fifo_v2_1_27_axic_reg_srl_fifo' [/home/niranjan/XilinxToolsProjects/convolutionSystem/convolutionSystem.gen/sources_1/bd/convolutionSystem/ipshared/fab7/hdl/axi_data_fifo_v2_1_vl_rfs.v:888]
INFO: [Synth 8-6157] synthesizing module 'axi_data_fifo_v2_1_27_ndeep_srl__parameterized0' [/home/niranjan/XilinxToolsProjects/convolutionSystem/convolutionSystem.gen/sources_1/bd/convolutionSystem/ipshared/fab7/hdl/axi_data_fifo_v2_1_vl_rfs.v:1134]
INFO: [Synth 8-6155] done synthesizing module 'axi_data_fifo_v2_1_27_ndeep_srl__parameterized0' (0#1) [/home/niranjan/XilinxToolsProjects/convolutionSystem/convolutionSystem.gen/sources_1/bd/convolutionSystem/ipshared/fab7/hdl/axi_data_fifo_v2_1_vl_rfs.v:1134]
INFO: [Synth 8-155] case statement is not full and has no default [/home/niranjan/XilinxToolsProjects/convolutionSystem/convolutionSystem.gen/sources_1/bd/convolutionSystem/ipshared/fab7/hdl/axi_data_fifo_v2_1_vl_rfs.v:986]
INFO: [Synth 8-6155] done synthesizing module 'axi_data_fifo_v2_1_27_axic_reg_srl_fifo' (0#1) [/home/niranjan/XilinxToolsProjects/convolutionSystem/convolutionSystem.gen/sources_1/bd/convolutionSystem/ipshared/fab7/hdl/axi_data_fifo_v2_1_vl_rfs.v:888]
INFO: [Synth 8-6155] done synthesizing module 'axi_crossbar_v2_1_29_wdata_router' (0#1) [/home/niranjan/XilinxToolsProjects/convolutionSystem/convolutionSystem.gen/sources_1/bd/convolutionSystem/ipshared/f8f3/hdl/axi_crossbar_v2_1_vl_rfs.v:4735]
INFO: [Synth 8-6157] synthesizing module 'axi_crossbar_v2_1_29_addr_decoder__parameterized0' [/home/niranjan/XilinxToolsProjects/convolutionSystem/convolutionSystem.gen/sources_1/bd/convolutionSystem/ipshared/f8f3/hdl/axi_crossbar_v2_1_vl_rfs.v:793]
INFO: [Synth 8-6155] done synthesizing module 'axi_crossbar_v2_1_29_addr_decoder__parameterized0' (0#1) [/home/niranjan/XilinxToolsProjects/convolutionSystem/convolutionSystem.gen/sources_1/bd/convolutionSystem/ipshared/f8f3/hdl/axi_crossbar_v2_1_vl_rfs.v:793]
INFO: [Synth 8-6157] synthesizing module 'axi_crossbar_v2_1_29_addr_decoder__parameterized1' [/home/niranjan/XilinxToolsProjects/convolutionSystem/convolutionSystem.gen/sources_1/bd/convolutionSystem/ipshared/f8f3/hdl/axi_crossbar_v2_1_vl_rfs.v:793]
INFO: [Synth 8-6155] done synthesizing module 'axi_crossbar_v2_1_29_addr_decoder__parameterized1' (0#1) [/home/niranjan/XilinxToolsProjects/convolutionSystem/convolutionSystem.gen/sources_1/bd/convolutionSystem/ipshared/f8f3/hdl/axi_crossbar_v2_1_vl_rfs.v:793]
INFO: [Synth 8-6157] synthesizing module 'axi_data_fifo_v2_1_27_axic_srl_fifo__parameterized0' [/home/niranjan/XilinxToolsProjects/convolutionSystem/convolutionSystem.gen/sources_1/bd/convolutionSystem/ipshared/fab7/hdl/axi_data_fifo_v2_1_vl_rfs.v:697]
INFO: [Synth 8-6155] done synthesizing module 'axi_data_fifo_v2_1_27_axic_srl_fifo__parameterized0' (0#1) [/home/niranjan/XilinxToolsProjects/convolutionSystem/convolutionSystem.gen/sources_1/bd/convolutionSystem/ipshared/fab7/hdl/axi_data_fifo_v2_1_vl_rfs.v:697]
INFO: [Synth 8-6157] synthesizing module 'axi_crossbar_v2_1_29_wdata_mux' [/home/niranjan/XilinxToolsProjects/convolutionSystem/convolutionSystem.gen/sources_1/bd/convolutionSystem/ipshared/f8f3/hdl/axi_crossbar_v2_1_vl_rfs.v:4560]
INFO: [Synth 8-6157] synthesizing module 'axi_data_fifo_v2_1_27_axic_reg_srl_fifo__parameterized0' [/home/niranjan/XilinxToolsProjects/convolutionSystem/convolutionSystem.gen/sources_1/bd/convolutionSystem/ipshared/fab7/hdl/axi_data_fifo_v2_1_vl_rfs.v:888]
INFO: [Synth 8-155] case statement is not full and has no default [/home/niranjan/XilinxToolsProjects/convolutionSystem/convolutionSystem.gen/sources_1/bd/convolutionSystem/ipshared/fab7/hdl/axi_data_fifo_v2_1_vl_rfs.v:986]
INFO: [Synth 8-6155] done synthesizing module 'axi_data_fifo_v2_1_27_axic_reg_srl_fifo__parameterized0' (0#1) [/home/niranjan/XilinxToolsProjects/convolutionSystem/convolutionSystem.gen/sources_1/bd/convolutionSystem/ipshared/fab7/hdl/axi_data_fifo_v2_1_vl_rfs.v:888]
INFO: [Synth 8-6157] synthesizing module 'generic_baseblocks_v2_1_0_mux_enc__parameterized1' [/home/niranjan/XilinxToolsProjects/convolutionSystem/convolutionSystem.gen/sources_1/bd/convolutionSystem/ipshared/b752/hdl/generic_baseblocks_v2_1_vl_rfs.v:2451]
INFO: [Synth 8-6155] done synthesizing module 'generic_baseblocks_v2_1_0_mux_enc__parameterized1' (0#1) [/home/niranjan/XilinxToolsProjects/convolutionSystem/convolutionSystem.gen/sources_1/bd/convolutionSystem/ipshared/b752/hdl/generic_baseblocks_v2_1_vl_rfs.v:2451]
INFO: [Synth 8-6155] done synthesizing module 'axi_crossbar_v2_1_29_wdata_mux' (0#1) [/home/niranjan/XilinxToolsProjects/convolutionSystem/convolutionSystem.gen/sources_1/bd/convolutionSystem/ipshared/f8f3/hdl/axi_crossbar_v2_1_vl_rfs.v:4560]
INFO: [Synth 8-6157] synthesizing module 'axi_register_slice_v2_1_28_axi_register_slice' [/home/niranjan/XilinxToolsProjects/convolutionSystem/convolutionSystem.gen/sources_1/bd/convolutionSystem/ipshared/87d1/hdl/axi_register_slice_v2_1_vl_rfs.v:3725]
INFO: [Synth 8-6157] synthesizing module 'axi_infrastructure_v1_1_0_axi2vector' [/home/niranjan/XilinxToolsProjects/convolutionSystem/convolutionSystem.gen/sources_1/bd/convolutionSystem/ipshared/ec67/hdl/axi_infrastructure_v1_1_vl_rfs.v:59]
INFO: [Synth 8-6155] done synthesizing module 'axi_infrastructure_v1_1_0_axi2vector' (0#1) [/home/niranjan/XilinxToolsProjects/convolutionSystem/convolutionSystem.gen/sources_1/bd/convolutionSystem/ipshared/ec67/hdl/axi_infrastructure_v1_1_vl_rfs.v:59]
INFO: [Synth 8-6157] synthesizing module 'axi_infrastructure_v1_1_0_vector2axi' [/home/niranjan/XilinxToolsProjects/convolutionSystem/convolutionSystem.gen/sources_1/bd/convolutionSystem/ipshared/ec67/hdl/axi_infrastructure_v1_1_vl_rfs.v:473]
INFO: [Synth 8-6155] done synthesizing module 'axi_infrastructure_v1_1_0_vector2axi' (0#1) [/home/niranjan/XilinxToolsProjects/convolutionSystem/convolutionSystem.gen/sources_1/bd/convolutionSystem/ipshared/ec67/hdl/axi_infrastructure_v1_1_vl_rfs.v:473]
INFO: [Synth 8-6157] synthesizing module 'axi_register_slice_v2_1_28_axic_register_slice' [/home/niranjan/XilinxToolsProjects/convolutionSystem/convolutionSystem.gen/sources_1/bd/convolutionSystem/ipshared/87d1/hdl/axi_register_slice_v2_1_vl_rfs.v:1497]
INFO: [Synth 8-6155] done synthesizing module 'axi_register_slice_v2_1_28_axic_register_slice' (0#1) [/home/niranjan/XilinxToolsProjects/convolutionSystem/convolutionSystem.gen/sources_1/bd/convolutionSystem/ipshared/87d1/hdl/axi_register_slice_v2_1_vl_rfs.v:1497]
INFO: [Synth 8-6157] synthesizing module 'axi_register_slice_v2_1_28_axic_register_slice__parameterized0' [/home/niranjan/XilinxToolsProjects/convolutionSystem/convolutionSystem.gen/sources_1/bd/convolutionSystem/ipshared/87d1/hdl/axi_register_slice_v2_1_vl_rfs.v:1497]
INFO: [Synth 8-6155] done synthesizing module 'axi_register_slice_v2_1_28_axic_register_slice__parameterized0' (0#1) [/home/niranjan/XilinxToolsProjects/convolutionSystem/convolutionSystem.gen/sources_1/bd/convolutionSystem/ipshared/87d1/hdl/axi_register_slice_v2_1_vl_rfs.v:1497]
INFO: [Synth 8-6157] synthesizing module 'axi_register_slice_v2_1_28_axic_register_slice__parameterized1' [/home/niranjan/XilinxToolsProjects/convolutionSystem/convolutionSystem.gen/sources_1/bd/convolutionSystem/ipshared/87d1/hdl/axi_register_slice_v2_1_vl_rfs.v:1497]
INFO: [Synth 8-6155] done synthesizing module 'axi_register_slice_v2_1_28_axic_register_slice__parameterized1' (0#1) [/home/niranjan/XilinxToolsProjects/convolutionSystem/convolutionSystem.gen/sources_1/bd/convolutionSystem/ipshared/87d1/hdl/axi_register_slice_v2_1_vl_rfs.v:1497]
INFO: [Synth 8-6157] synthesizing module 'axi_register_slice_v2_1_28_axic_register_slice__parameterized2' [/home/niranjan/XilinxToolsProjects/convolutionSystem/convolutionSystem.gen/sources_1/bd/convolutionSystem/ipshared/87d1/hdl/axi_register_slice_v2_1_vl_rfs.v:1497]
INFO: [Synth 8-6155] done synthesizing module 'axi_register_slice_v2_1_28_axic_register_slice__parameterized2' (0#1) [/home/niranjan/XilinxToolsProjects/convolutionSystem/convolutionSystem.gen/sources_1/bd/convolutionSystem/ipshared/87d1/hdl/axi_register_slice_v2_1_vl_rfs.v:1497]
INFO: [Synth 8-6155] done synthesizing module 'axi_register_slice_v2_1_28_axi_register_slice' (0#1) [/home/niranjan/XilinxToolsProjects/convolutionSystem/convolutionSystem.gen/sources_1/bd/convolutionSystem/ipshared/87d1/hdl/axi_register_slice_v2_1_vl_rfs.v:3725]
WARNING: [Synth 8-7071] port 'aclk2x' of module 'axi_register_slice_v2_1_28_axi_register_slice' is unconnected for instance 'reg_slice_mi' [/home/niranjan/XilinxToolsProjects/convolutionSystem/convolutionSystem.gen/sources_1/bd/convolutionSystem/ipshared/f8f3/hdl/axi_crossbar_v2_1_vl_rfs.v:3122]
WARNING: [Synth 8-7023] instance 'reg_slice_mi' of module 'axi_register_slice_v2_1_28_axi_register_slice' has 93 connections declared, but only 92 given [/home/niranjan/XilinxToolsProjects/convolutionSystem/convolutionSystem.gen/sources_1/bd/convolutionSystem/ipshared/f8f3/hdl/axi_crossbar_v2_1_vl_rfs.v:3122]
INFO: [Synth 8-6157] synthesizing module 'axi_crossbar_v2_1_29_addr_decoder__parameterized2' [/home/niranjan/XilinxToolsProjects/convolutionSystem/convolutionSystem.gen/sources_1/bd/convolutionSystem/ipshared/f8f3/hdl/axi_crossbar_v2_1_vl_rfs.v:793]
INFO: [Synth 8-6155] done synthesizing module 'axi_crossbar_v2_1_29_addr_decoder__parameterized2' (0#1) [/home/niranjan/XilinxToolsProjects/convolutionSystem/convolutionSystem.gen/sources_1/bd/convolutionSystem/ipshared/f8f3/hdl/axi_crossbar_v2_1_vl_rfs.v:793]
INFO: [Synth 8-6157] synthesizing module 'axi_data_fifo_v2_1_27_axic_srl_fifo__parameterized1' [/home/niranjan/XilinxToolsProjects/convolutionSystem/convolutionSystem.gen/sources_1/bd/convolutionSystem/ipshared/fab7/hdl/axi_data_fifo_v2_1_vl_rfs.v:697]
INFO: [Synth 8-6157] synthesizing module 'axi_data_fifo_v2_1_27_ndeep_srl__parameterized1' [/home/niranjan/XilinxToolsProjects/convolutionSystem/convolutionSystem.gen/sources_1/bd/convolutionSystem/ipshared/fab7/hdl/axi_data_fifo_v2_1_vl_rfs.v:1134]
INFO: [Synth 8-6155] done synthesizing module 'axi_data_fifo_v2_1_27_ndeep_srl__parameterized1' (0#1) [/home/niranjan/XilinxToolsProjects/convolutionSystem/convolutionSystem.gen/sources_1/bd/convolutionSystem/ipshared/fab7/hdl/axi_data_fifo_v2_1_vl_rfs.v:1134]
INFO: [Synth 8-6155] done synthesizing module 'axi_data_fifo_v2_1_27_axic_srl_fifo__parameterized1' (0#1) [/home/niranjan/XilinxToolsProjects/convolutionSystem/convolutionSystem.gen/sources_1/bd/convolutionSystem/ipshared/fab7/hdl/axi_data_fifo_v2_1_vl_rfs.v:697]
INFO: [Synth 8-6157] synthesizing module 'axi_crossbar_v2_1_29_wdata_mux__parameterized0' [/home/niranjan/XilinxToolsProjects/convolutionSystem/convolutionSystem.gen/sources_1/bd/convolutionSystem/ipshared/f8f3/hdl/axi_crossbar_v2_1_vl_rfs.v:4560]
INFO: [Synth 8-6157] synthesizing module 'axi_data_fifo_v2_1_27_axic_reg_srl_fifo__parameterized1' [/home/niranjan/XilinxToolsProjects/convolutionSystem/convolutionSystem.gen/sources_1/bd/convolutionSystem/ipshared/fab7/hdl/axi_data_fifo_v2_1_vl_rfs.v:888]
INFO: [Synth 8-155] case statement is not full and has no default [/home/niranjan/XilinxToolsProjects/convolutionSystem/convolutionSystem.gen/sources_1/bd/convolutionSystem/ipshared/fab7/hdl/axi_data_fifo_v2_1_vl_rfs.v:986]
INFO: [Synth 8-6155] done synthesizing module 'axi_data_fifo_v2_1_27_axic_reg_srl_fifo__parameterized1' (0#1) [/home/niranjan/XilinxToolsProjects/convolutionSystem/convolutionSystem.gen/sources_1/bd/convolutionSystem/ipshared/fab7/hdl/axi_data_fifo_v2_1_vl_rfs.v:888]
INFO: [Synth 8-6155] done synthesizing module 'axi_crossbar_v2_1_29_wdata_mux__parameterized0' (0#1) [/home/niranjan/XilinxToolsProjects/convolutionSystem/convolutionSystem.gen/sources_1/bd/convolutionSystem/ipshared/f8f3/hdl/axi_crossbar_v2_1_vl_rfs.v:4560]
WARNING: [Synth 8-7071] port 'aclk2x' of module 'axi_register_slice_v2_1_28_axi_register_slice' is unconnected for instance 'reg_slice_mi' [/home/niranjan/XilinxToolsProjects/convolutionSystem/convolutionSystem.gen/sources_1/bd/convolutionSystem/ipshared/f8f3/hdl/axi_crossbar_v2_1_vl_rfs.v:3122]
WARNING: [Synth 8-7023] instance 'reg_slice_mi' of module 'axi_register_slice_v2_1_28_axi_register_slice' has 93 connections declared, but only 92 given [/home/niranjan/XilinxToolsProjects/convolutionSystem/convolutionSystem.gen/sources_1/bd/convolutionSystem/ipshared/f8f3/hdl/axi_crossbar_v2_1_vl_rfs.v:3122]
INFO: [Synth 8-6157] synthesizing module 'axi_crossbar_v2_1_29_decerr_slave' [/home/niranjan/XilinxToolsProjects/convolutionSystem/convolutionSystem.gen/sources_1/bd/convolutionSystem/ipshared/f8f3/hdl/axi_crossbar_v2_1_vl_rfs.v:3500]
INFO: [Synth 8-155] case statement is not full and has no default [/home/niranjan/XilinxToolsProjects/convolutionSystem/convolutionSystem.gen/sources_1/bd/convolutionSystem/ipshared/f8f3/hdl/axi_crossbar_v2_1_vl_rfs.v:3633]
INFO: [Synth 8-6155] done synthesizing module 'axi_crossbar_v2_1_29_decerr_slave' (0#1) [/home/niranjan/XilinxToolsProjects/convolutionSystem/convolutionSystem.gen/sources_1/bd/convolutionSystem/ipshared/f8f3/hdl/axi_crossbar_v2_1_vl_rfs.v:3500]
INFO: [Synth 8-6157] synthesizing module 'axi_crossbar_v2_1_29_addr_arbiter' [/home/niranjan/XilinxToolsProjects/convolutionSystem/convolutionSystem.gen/sources_1/bd/convolutionSystem/ipshared/f8f3/hdl/axi_crossbar_v2_1_vl_rfs.v:422]
INFO: [Synth 8-6157] synthesizing module 'generic_baseblocks_v2_1_0_mux_enc__parameterized2' [/home/niranjan/XilinxToolsProjects/convolutionSystem/convolutionSystem.gen/sources_1/bd/convolutionSystem/ipshared/b752/hdl/generic_baseblocks_v2_1_vl_rfs.v:2451]
INFO: [Synth 8-6155] done synthesizing module 'generic_baseblocks_v2_1_0_mux_enc__parameterized2' (0#1) [/home/niranjan/XilinxToolsProjects/convolutionSystem/convolutionSystem.gen/sources_1/bd/convolutionSystem/ipshared/b752/hdl/generic_baseblocks_v2_1_vl_rfs.v:2451]
INFO: [Synth 8-6157] synthesizing module 'generic_baseblocks_v2_1_0_mux_enc__parameterized3' [/home/niranjan/XilinxToolsProjects/convolutionSystem/convolutionSystem.gen/sources_1/bd/convolutionSystem/ipshared/b752/hdl/generic_baseblocks_v2_1_vl_rfs.v:2451]
INFO: [Synth 8-6155] done synthesizing module 'generic_baseblocks_v2_1_0_mux_enc__parameterized3' (0#1) [/home/niranjan/XilinxToolsProjects/convolutionSystem/convolutionSystem.gen/sources_1/bd/convolutionSystem/ipshared/b752/hdl/generic_baseblocks_v2_1_vl_rfs.v:2451]
INFO: [Synth 8-6155] done synthesizing module 'axi_crossbar_v2_1_29_addr_arbiter' (0#1) [/home/niranjan/XilinxToolsProjects/convolutionSystem/convolutionSystem.gen/sources_1/bd/convolutionSystem/ipshared/f8f3/hdl/axi_crossbar_v2_1_vl_rfs.v:422]
INFO: [Synth 8-6155] done synthesizing module 'axi_crossbar_v2_1_29_crossbar' (0#1) [/home/niranjan/XilinxToolsProjects/convolutionSystem/convolutionSystem.gen/sources_1/bd/convolutionSystem/ipshared/f8f3/hdl/axi_crossbar_v2_1_vl_rfs.v:2238]
INFO: [Synth 8-6155] done synthesizing module 'axi_crossbar_v2_1_29_axi_crossbar' (0#1) [/home/niranjan/XilinxToolsProjects/convolutionSystem/convolutionSystem.gen/sources_1/bd/convolutionSystem/ipshared/f8f3/hdl/axi_crossbar_v2_1_vl_rfs.v:4883]
INFO: [Synth 8-6155] done synthesizing module 'convolutionSystem_xbar_0' (0#1) [/home/niranjan/XilinxToolsProjects/convolutionSystem/convolutionSystem.gen/sources_1/bd/convolutionSystem/ip/convolutionSystem_xbar_0/synth/convolutionSystem_xbar_0.v:53]
WARNING: [Synth 8-6014] Unused sequential element areset_d1_reg was removed.  [/home/niranjan/XilinxToolsProjects/convolutionSystem/convolutionSystem.gen/sources_1/bd/convolutionSystem/ipshared/fab7/hdl/axi_data_fifo_v2_1_vl_rfs.v:750]
WARNING: [Synth 8-6014] Unused sequential element S_READY_i_reg was removed.  [/home/niranjan/XilinxToolsProjects/convolutionSystem/convolutionSystem.gen/sources_1/bd/convolutionSystem/ipshared/fab7/hdl/axi_data_fifo_v2_1_vl_rfs.v:789]
WARNING: [Synth 8-6014] Unused sequential element gen_single_thread.gen_debug_r_single_thread.debug_r_beat_cnt_i_reg was removed.  [/home/niranjan/XilinxToolsProjects/convolutionSystem/convolutionSystem.gen/sources_1/bd/convolutionSystem/ipshared/f8f3/hdl/axi_crossbar_v2_1_vl_rfs.v:4192]
WARNING: [Synth 8-6014] Unused sequential element gen_single_thread.active_id_reg was removed.  [/home/niranjan/XilinxToolsProjects/convolutionSystem/convolutionSystem.gen/sources_1/bd/convolutionSystem/ipshared/f8f3/hdl/axi_crossbar_v2_1_vl_rfs.v:4150]
WARNING: [Synth 8-6014] Unused sequential element gen_single_thread.gen_debug_r_single_thread.debug_r_beat_cnt_i_reg was removed.  [/home/niranjan/XilinxToolsProjects/convolutionSystem/convolutionSystem.gen/sources_1/bd/convolutionSystem/ipshared/f8f3/hdl/axi_crossbar_v2_1_vl_rfs.v:4192]
WARNING: [Synth 8-6014] Unused sequential element gen_single_thread.active_id_reg was removed.  [/home/niranjan/XilinxToolsProjects/convolutionSystem/convolutionSystem.gen/sources_1/bd/convolutionSystem/ipshared/f8f3/hdl/axi_crossbar_v2_1_vl_rfs.v:4150]
WARNING: [Synth 8-6014] Unused sequential element areset_d1_reg was removed.  [/home/niranjan/XilinxToolsProjects/convolutionSystem/convolutionSystem.gen/sources_1/bd/convolutionSystem/ipshared/fab7/hdl/axi_data_fifo_v2_1_vl_rfs.v:750]
WARNING: [Synth 8-6014] Unused sequential element S_READY_i_reg was removed.  [/home/niranjan/XilinxToolsProjects/convolutionSystem/convolutionSystem.gen/sources_1/bd/convolutionSystem/ipshared/fab7/hdl/axi_data_fifo_v2_1_vl_rfs.v:789]
WARNING: [Synth 8-6014] Unused sequential element s_ready_i_reg was removed.  [/home/niranjan/XilinxToolsProjects/convolutionSystem/convolutionSystem.gen/sources_1/bd/convolutionSystem/ipshared/fab7/hdl/axi_data_fifo_v2_1_vl_rfs.v:1038]
WARNING: [Synth 8-6014] Unused sequential element areset_d1_reg was removed.  [/home/niranjan/XilinxToolsProjects/convolutionSystem/convolutionSystem.gen/sources_1/bd/convolutionSystem/ipshared/fab7/hdl/axi_data_fifo_v2_1_vl_rfs.v:750]
WARNING: [Synth 8-6014] Unused sequential element S_READY_i_reg was removed.  [/home/niranjan/XilinxToolsProjects/convolutionSystem/convolutionSystem.gen/sources_1/bd/convolutionSystem/ipshared/fab7/hdl/axi_data_fifo_v2_1_vl_rfs.v:789]
WARNING: [Synth 8-6014] Unused sequential element s_ready_i_reg was removed.  [/home/niranjan/XilinxToolsProjects/convolutionSystem/convolutionSystem.gen/sources_1/bd/convolutionSystem/ipshared/fab7/hdl/axi_data_fifo_v2_1_vl_rfs.v:1038]
WARNING: [Synth 8-6014] Unused sequential element gen_master_slots[0].gen_mi_write.gen_debug_w.debug_w_beat_cnt_i_reg was removed.  [/home/niranjan/XilinxToolsProjects/convolutionSystem/convolutionSystem.gen/sources_1/bd/convolutionSystem/ipshared/f8f3/hdl/axi_crossbar_v2_1_vl_rfs.v:2997]
WARNING: [Synth 8-6014] Unused sequential element gen_master_slots[1].gen_mi_write.gen_debug_w.debug_w_beat_cnt_i_reg was removed.  [/home/niranjan/XilinxToolsProjects/convolutionSystem/convolutionSystem.gen/sources_1/bd/convolutionSystem/ipshared/f8f3/hdl/axi_crossbar_v2_1_vl_rfs.v:2997]
WARNING: [Synth 8-7129] Port ACLK in module axi_register_slice_v2_1_28_axic_register_slice is either unconnected or has no load
WARNING: [Synth 8-7129] Port ARESET in module axi_register_slice_v2_1_28_axic_register_slice is either unconnected or has no load
WARNING: [Synth 8-7129] Port ACLK in module axi_register_slice_v2_1_28_axic_register_slice__parameterized0 is either unconnected or has no load
WARNING: [Synth 8-7129] Port ARESET in module axi_register_slice_v2_1_28_axic_register_slice__parameterized0 is either unconnected or has no load
WARNING: [Synth 8-7129] Port m_axi_buser[0] in module axi_infrastructure_v1_1_0_vector2axi is either unconnected or has no load
WARNING: [Synth 8-7129] Port m_axi_ruser[0] in module axi_infrastructure_v1_1_0_vector2axi is either unconnected or has no load
WARNING: [Synth 8-7129] Port s_axi_awuser[0] in module axi_infrastructure_v1_1_0_axi2vector is either unconnected or has no load
WARNING: [Synth 8-7129] Port s_axi_wid[0] in module axi_infrastructure_v1_1_0_axi2vector is either unconnected or has no load
WARNING: [Synth 8-7129] Port s_axi_wuser[0] in module axi_infrastructure_v1_1_0_axi2vector is either unconnected or has no load
WARNING: [Synth 8-7129] Port s_axi_aruser[0] in module axi_infrastructure_v1_1_0_axi2vector is either unconnected or has no load
WARNING: [Synth 8-7129] Port aclk2x in module axi_register_slice_v2_1_28_axi_register_slice is either unconnected or has no load
WARNING: [Synth 8-7129] Port ADDR[1] in module axi_crossbar_v2_1_29_addr_decoder is either unconnected or has no load
WARNING: [Synth 8-7129] Port ADDR[0] in module axi_crossbar_v2_1_29_addr_decoder is either unconnected or has no load
WARNING: [Synth 8-7129] Port S_ABURST[1] in module axi_crossbar_v2_1_29_si_transactor__parameterized0 is either unconnected or has no load
WARNING: [Synth 8-7129] Port S_ABURST[0] in module axi_crossbar_v2_1_29_si_transactor__parameterized0 is either unconnected or has no load
WARNING: [Synth 8-7129] Port S_ABURST[1] in module axi_crossbar_v2_1_29_si_transactor is either unconnected or has no load
WARNING: [Synth 8-7129] Port S_ABURST[0] in module axi_crossbar_v2_1_29_si_transactor is either unconnected or has no load
WARNING: [Synth 8-7129] Port S_AXI_AWID[1] in module axi_crossbar_v2_1_29_crossbar is either unconnected or has no load
WARNING: [Synth 8-7129] Port S_AXI_AWID[0] in module axi_crossbar_v2_1_29_crossbar is either unconnected or has no load
WARNING: [Synth 8-7129] Port S_AXI_AWADDR[31] in module axi_crossbar_v2_1_29_crossbar is either unconnected or has no load
WARNING: [Synth 8-7129] Port S_AXI_AWADDR[30] in module axi_crossbar_v2_1_29_crossbar is either unconnected or has no load
WARNING: [Synth 8-7129] Port S_AXI_AWADDR[29] in module axi_crossbar_v2_1_29_crossbar is either unconnected or has no load
WARNING: [Synth 8-7129] Port S_AXI_AWADDR[28] in module axi_crossbar_v2_1_29_crossbar is either unconnected or has no load
WARNING: [Synth 8-7129] Port S_AXI_AWADDR[27] in module axi_crossbar_v2_1_29_crossbar is either unconnected or has no load
WARNING: [Synth 8-7129] Port S_AXI_AWADDR[26] in module axi_crossbar_v2_1_29_crossbar is either unconnected or has no load
WARNING: [Synth 8-7129] Port S_AXI_AWADDR[25] in module axi_crossbar_v2_1_29_crossbar is either unconnected or has no load
WARNING: [Synth 8-7129] Port S_AXI_AWADDR[24] in module axi_crossbar_v2_1_29_crossbar is either unconnected or has no load
WARNING: [Synth 8-7129] Port S_AXI_AWADDR[23] in module axi_crossbar_v2_1_29_crossbar is either unconnected or has no load
WARNING: [Synth 8-7129] Port S_AXI_AWADDR[22] in module axi_crossbar_v2_1_29_crossbar is either unconnected or has no load
WARNING: [Synth 8-7129] Port S_AXI_AWADDR[21] in module axi_crossbar_v2_1_29_crossbar is either unconnected or has no load
WARNING: [Synth 8-7129] Port S_AXI_AWADDR[20] in module axi_crossbar_v2_1_29_crossbar is either unconnected or has no load
WARNING: [Synth 8-7129] Port S_AXI_AWADDR[19] in module axi_crossbar_v2_1_29_crossbar is either unconnected or has no load
WARNING: [Synth 8-7129] Port S_AXI_AWADDR[18] in module axi_crossbar_v2_1_29_crossbar is either unconnected or has no load
WARNING: [Synth 8-7129] Port S_AXI_AWADDR[17] in module axi_crossbar_v2_1_29_crossbar is either unconnected or has no load
WARNING: [Synth 8-7129] Port S_AXI_AWADDR[16] in module axi_crossbar_v2_1_29_crossbar is either unconnected or has no load
WARNING: [Synth 8-7129] Port S_AXI_AWADDR[15] in module axi_crossbar_v2_1_29_crossbar is either unconnected or has no load
WARNING: [Synth 8-7129] Port S_AXI_AWADDR[14] in module axi_crossbar_v2_1_29_crossbar is either unconnected or has no load
WARNING: [Synth 8-7129] Port S_AXI_AWADDR[13] in module axi_crossbar_v2_1_29_crossbar is either unconnected or has no load
WARNING: [Synth 8-7129] Port S_AXI_AWADDR[12] in module axi_crossbar_v2_1_29_crossbar is either unconnected or has no load
WARNING: [Synth 8-7129] Port S_AXI_AWADDR[11] in module axi_crossbar_v2_1_29_crossbar is either unconnected or has no load
WARNING: [Synth 8-7129] Port S_AXI_AWADDR[10] in module axi_crossbar_v2_1_29_crossbar is either unconnected or has no load
WARNING: [Synth 8-7129] Port S_AXI_AWADDR[9] in module axi_crossbar_v2_1_29_crossbar is either unconnected or has no load
WARNING: [Synth 8-7129] Port S_AXI_AWADDR[8] in module axi_crossbar_v2_1_29_crossbar is either unconnected or has no load
WARNING: [Synth 8-7129] Port S_AXI_AWADDR[7] in module axi_crossbar_v2_1_29_crossbar is either unconnected or has no load
WARNING: [Synth 8-7129] Port S_AXI_AWADDR[6] in module axi_crossbar_v2_1_29_crossbar is either unconnected or has no load
WARNING: [Synth 8-7129] Port S_AXI_AWADDR[5] in module axi_crossbar_v2_1_29_crossbar is either unconnected or has no load
WARNING: [Synth 8-7129] Port S_AXI_AWADDR[4] in module axi_crossbar_v2_1_29_crossbar is either unconnected or has no load
WARNING: [Synth 8-7129] Port S_AXI_AWADDR[3] in module axi_crossbar_v2_1_29_crossbar is either unconnected or has no load
WARNING: [Synth 8-7129] Port S_AXI_AWADDR[2] in module axi_crossbar_v2_1_29_crossbar is either unconnected or has no load
WARNING: [Synth 8-7129] Port S_AXI_AWADDR[1] in module axi_crossbar_v2_1_29_crossbar is either unconnected or has no load
WARNING: [Synth 8-7129] Port S_AXI_AWADDR[0] in module axi_crossbar_v2_1_29_crossbar is either unconnected or has no load
WARNING: [Synth 8-7129] Port S_AXI_AWLEN[7] in module axi_crossbar_v2_1_29_crossbar is either unconnected or has no load
WARNING: [Synth 8-7129] Port S_AXI_AWLEN[6] in module axi_crossbar_v2_1_29_crossbar is either unconnected or has no load
WARNING: [Synth 8-7129] Port S_AXI_AWLEN[5] in module axi_crossbar_v2_1_29_crossbar is either unconnected or has no load
WARNING: [Synth 8-7129] Port S_AXI_AWLEN[4] in module axi_crossbar_v2_1_29_crossbar is either unconnected or has no load
WARNING: [Synth 8-7129] Port S_AXI_AWLEN[3] in module axi_crossbar_v2_1_29_crossbar is either unconnected or has no load
WARNING: [Synth 8-7129] Port S_AXI_AWLEN[2] in module axi_crossbar_v2_1_29_crossbar is either unconnected or has no load
WARNING: [Synth 8-7129] Port S_AXI_AWLEN[1] in module axi_crossbar_v2_1_29_crossbar is either unconnected or has no load
WARNING: [Synth 8-7129] Port S_AXI_AWLEN[0] in module axi_crossbar_v2_1_29_crossbar is either unconnected or has no load
WARNING: [Synth 8-7129] Port S_AXI_AWSIZE[2] in module axi_crossbar_v2_1_29_crossbar is either unconnected or has no load
WARNING: [Synth 8-7129] Port S_AXI_AWSIZE[1] in module axi_crossbar_v2_1_29_crossbar is either unconnected or has no load
WARNING: [Synth 8-7129] Port S_AXI_AWSIZE[0] in module axi_crossbar_v2_1_29_crossbar is either unconnected or has no load
WARNING: [Synth 8-7129] Port S_AXI_AWBURST[1] in module axi_crossbar_v2_1_29_crossbar is either unconnected or has no load
WARNING: [Synth 8-7129] Port S_AXI_AWBURST[0] in module axi_crossbar_v2_1_29_crossbar is either unconnected or has no load
WARNING: [Synth 8-7129] Port S_AXI_AWLOCK[1] in module axi_crossbar_v2_1_29_crossbar is either unconnected or has no load
WARNING: [Synth 8-7129] Port S_AXI_AWLOCK[0] in module axi_crossbar_v2_1_29_crossbar is either unconnected or has no load
WARNING: [Synth 8-7129] Port S_AXI_AWCACHE[3] in module axi_crossbar_v2_1_29_crossbar is either unconnected or has no load
WARNING: [Synth 8-7129] Port S_AXI_AWCACHE[2] in module axi_crossbar_v2_1_29_crossbar is either unconnected or has no load
WARNING: [Synth 8-7129] Port S_AXI_AWCACHE[1] in module axi_crossbar_v2_1_29_crossbar is either unconnected or has no load
WARNING: [Synth 8-7129] Port S_AXI_AWCACHE[0] in module axi_crossbar_v2_1_29_crossbar is either unconnected or has no load
WARNING: [Synth 8-7129] Port S_AXI_AWPROT[2] in module axi_crossbar_v2_1_29_crossbar is either unconnected or has no load
WARNING: [Synth 8-7129] Port S_AXI_AWPROT[1] in module axi_crossbar_v2_1_29_crossbar is either unconnected or has no load
WARNING: [Synth 8-7129] Port S_AXI_AWPROT[0] in module axi_crossbar_v2_1_29_crossbar is either unconnected or has no load
WARNING: [Synth 8-7129] Port S_AXI_AWQOS[3] in module axi_crossbar_v2_1_29_crossbar is either unconnected or has no load
WARNING: [Synth 8-7129] Port S_AXI_AWQOS[2] in module axi_crossbar_v2_1_29_crossbar is either unconnected or has no load
WARNING: [Synth 8-7129] Port S_AXI_AWQOS[1] in module axi_crossbar_v2_1_29_crossbar is either unconnected or has no load
WARNING: [Synth 8-7129] Port S_AXI_AWQOS[0] in module axi_crossbar_v2_1_29_crossbar is either unconnected or has no load
WARNING: [Synth 8-7129] Port S_AXI_AWUSER[0] in module axi_crossbar_v2_1_29_crossbar is either unconnected or has no load
WARNING: [Synth 8-7129] Port S_AXI_AWVALID[0] in module axi_crossbar_v2_1_29_crossbar is either unconnected or has no load
WARNING: [Synth 8-7129] Port S_AXI_WID[1] in module axi_crossbar_v2_1_29_crossbar is either unconnected or has no load
WARNING: [Synth 8-7129] Port S_AXI_WID[0] in module axi_crossbar_v2_1_29_crossbar is either unconnected or has no load
WARNING: [Synth 8-7129] Port S_AXI_WDATA[63] in module axi_crossbar_v2_1_29_crossbar is either unconnected or has no load
WARNING: [Synth 8-7129] Port S_AXI_WDATA[62] in module axi_crossbar_v2_1_29_crossbar is either unconnected or has no load
WARNING: [Synth 8-7129] Port S_AXI_WDATA[61] in module axi_crossbar_v2_1_29_crossbar is either unconnected or has no load
WARNING: [Synth 8-7129] Port S_AXI_WDATA[60] in module axi_crossbar_v2_1_29_crossbar is either unconnected or has no load
WARNING: [Synth 8-7129] Port S_AXI_WDATA[59] in module axi_crossbar_v2_1_29_crossbar is either unconnected or has no load
WARNING: [Synth 8-7129] Port S_AXI_WDATA[58] in module axi_crossbar_v2_1_29_crossbar is either unconnected or has no load
WARNING: [Synth 8-7129] Port S_AXI_WDATA[57] in module axi_crossbar_v2_1_29_crossbar is either unconnected or has no load
WARNING: [Synth 8-7129] Port S_AXI_WDATA[56] in module axi_crossbar_v2_1_29_crossbar is either unconnected or has no load
WARNING: [Synth 8-7129] Port S_AXI_WDATA[55] in module axi_crossbar_v2_1_29_crossbar is either unconnected or has no load
WARNING: [Synth 8-7129] Port S_AXI_WDATA[54] in module axi_crossbar_v2_1_29_crossbar is either unconnected or has no load
WARNING: [Synth 8-7129] Port S_AXI_WDATA[53] in module axi_crossbar_v2_1_29_crossbar is either unconnected or has no load
WARNING: [Synth 8-7129] Port S_AXI_WDATA[52] in module axi_crossbar_v2_1_29_crossbar is either unconnected or has no load
WARNING: [Synth 8-7129] Port S_AXI_WDATA[51] in module axi_crossbar_v2_1_29_crossbar is either unconnected or has no load
WARNING: [Synth 8-7129] Port S_AXI_WDATA[50] in module axi_crossbar_v2_1_29_crossbar is either unconnected or has no load
WARNING: [Synth 8-7129] Port S_AXI_WDATA[49] in module axi_crossbar_v2_1_29_crossbar is either unconnected or has no load
WARNING: [Synth 8-7129] Port S_AXI_WDATA[48] in module axi_crossbar_v2_1_29_crossbar is either unconnected or has no load
WARNING: [Synth 8-7129] Port S_AXI_WDATA[47] in module axi_crossbar_v2_1_29_crossbar is either unconnected or has no load
WARNING: [Synth 8-7129] Port S_AXI_WDATA[46] in module axi_crossbar_v2_1_29_crossbar is either unconnected or has no load
WARNING: [Synth 8-7129] Port S_AXI_WDATA[45] in module axi_crossbar_v2_1_29_crossbar is either unconnected or has no load
INFO: [Common 17-14] Message 'Synth 8-7129' appears 100 times and further instances of the messages will be disabled. Use the Tcl command set_msg_config to change the current settings.
---------------------------------------------------------------------------------
Finished RTL Elaboration : Time (s): cpu = 00:00:17 ; elapsed = 00:00:18 . Memory (MB): peak = 2232.895 ; gain = 571.645 ; free physical = 4951 ; free virtual = 9839
---------------------------------------------------------------------------------
---------------------------------------------------------------------------------
Start Handling Custom Attributes
---------------------------------------------------------------------------------
---------------------------------------------------------------------------------
Finished Handling Custom Attributes : Time (s): cpu = 00:00:17 ; elapsed = 00:00:19 . Memory (MB): peak = 2232.895 ; gain = 571.645 ; free physical = 4944 ; free virtual = 9832
---------------------------------------------------------------------------------
---------------------------------------------------------------------------------
Finished RTL Optimization Phase 1 : Time (s): cpu = 00:00:17 ; elapsed = 00:00:19 . Memory (MB): peak = 2232.895 ; gain = 571.645 ; free physical = 4944 ; free virtual = 9832
---------------------------------------------------------------------------------
Netlist sorting complete. Time (s): cpu = 00:00:00.08 ; elapsed = 00:00:00.08 . Memory (MB): peak = 2232.895 ; gain = 0.000 ; free physical = 4941 ; free virtual = 9829
INFO: [Project 1-570] Preparing netlist for logic optimization

Processing XDC Constraints
Initializing timing engine
Parsing XDC File [/home/niranjan/XilinxToolsProjects/convolutionSystem/convolutionSystem.gen/sources_1/bd/convolutionSystem/ip/convolutionSystem_xbar_0/convolutionSystem_xbar_0_ooc.xdc] for cell 'inst'
Finished Parsing XDC File [/home/niranjan/XilinxToolsProjects/convolutionSystem/convolutionSystem.gen/sources_1/bd/convolutionSystem/ip/convolutionSystem_xbar_0/convolutionSystem_xbar_0_ooc.xdc] for cell 'inst'
Parsing XDC File [/home/niranjan/XilinxToolsProjects/convolutionSystem/convolutionSystem.runs/convolutionSystem_xbar_0_synth_1/dont_touch.xdc]
Finished Parsing XDC File [/home/niranjan/XilinxToolsProjects/convolutionSystem/convolutionSystem.runs/convolutionSystem_xbar_0_synth_1/dont_touch.xdc]
Completed Processing XDC Constraints

Netlist sorting complete. Time (s): cpu = 00:00:00 ; elapsed = 00:00:00 . Memory (MB): peak = 2311.770 ; gain = 0.000 ; free physical = 4936 ; free virtual = 9823
INFO: [Project 1-111] Unisim Transformation Summary:
No Unisim elements were transformed.

Constraint Validation Runtime : Time (s): cpu = 00:00:00.13 ; elapsed = 00:00:00.07 . Memory (MB): peak = 2311.770 ; gain = 0.000 ; free physical = 4936 ; free virtual = 9822
INFO: [Designutils 20-5008] Incremental synthesis strategy off
---------------------------------------------------------------------------------
Finished Constraint Validation : Time (s): cpu = 00:00:28 ; elapsed = 00:00:30 . Memory (MB): peak = 2311.770 ; gain = 650.520 ; free physical = 4710 ; free virtual = 9598
---------------------------------------------------------------------------------
---------------------------------------------------------------------------------
Start Loading Part and Timing Information
---------------------------------------------------------------------------------
Loading part: xc7z020clg400-1
---------------------------------------------------------------------------------
Finished Loading Part and Timing Information : Time (s): cpu = 00:00:28 ; elapsed = 00:00:30 . Memory (MB): peak = 2311.770 ; gain = 650.520 ; free physical = 4710 ; free virtual = 9598
---------------------------------------------------------------------------------
---------------------------------------------------------------------------------
Start Applying 'set_property' XDC Constraints
---------------------------------------------------------------------------------
Applied set_property KEEP_HIERARCHY = SOFT for inst. (constraint file  /home/niranjan/XilinxToolsProjects/convolutionSystem/convolutionSystem.runs/convolutionSystem_xbar_0_synth_1/dont_touch.xdc, line 9).
---------------------------------------------------------------------------------
Finished applying 'set_property' XDC Constraints : Time (s): cpu = 00:00:28 ; elapsed = 00:00:30 . Memory (MB): peak = 2311.770 ; gain = 650.520 ; free physical = 4710 ; free virtual = 9598
---------------------------------------------------------------------------------
INFO: [Synth 8-802] inferred FSM for state register 'state_reg' in module 'axi_data_fifo_v2_1_27_axic_reg_srl_fifo'
INFO: [Synth 8-802] inferred FSM for state register 'state_reg' in module 'axi_data_fifo_v2_1_27_axic_reg_srl_fifo__parameterized0'
INFO: [Synth 8-802] inferred FSM for state register 'state_reg' in module 'axi_data_fifo_v2_1_27_axic_reg_srl_fifo__parameterized1'
INFO: [Synth 8-802] inferred FSM for state register 'gen_axi.write_cs_reg' in module 'axi_crossbar_v2_1_29_decerr_slave'
---------------------------------------------------------------------------------------------------
                   State |                     New Encoding |                Previous Encoding 
---------------------------------------------------------------------------------------------------
                    ZERO |                             1000 |                               10
                     ONE |                             0010 |                               11
                     TWO |                             0001 |                               01
                  iSTATE |                             0100 |                               00
---------------------------------------------------------------------------------------------------
INFO: [Synth 8-3354] encoded FSM with state register 'state_reg' using encoding 'one-hot' in module 'axi_data_fifo_v2_1_27_axic_reg_srl_fifo'
---------------------------------------------------------------------------------------------------
                   State |                     New Encoding |                Previous Encoding 
---------------------------------------------------------------------------------------------------
                    ZERO |                             1000 |                               10
                     ONE |                             0010 |                               11
                     TWO |                             0001 |                               01
                  iSTATE |                             0100 |                               00
---------------------------------------------------------------------------------------------------
INFO: [Synth 8-3354] encoded FSM with state register 'state_reg' using encoding 'one-hot' in module 'axi_data_fifo_v2_1_27_axic_reg_srl_fifo__parameterized0'
---------------------------------------------------------------------------------------------------
                   State |                     New Encoding |                Previous Encoding 
---------------------------------------------------------------------------------------------------
                    ZERO |                             1000 |                               10
                     ONE |                             0010 |                               11
                     TWO |                             0001 |                               01
                  iSTATE |                             0100 |                               00
---------------------------------------------------------------------------------------------------
INFO: [Synth 8-3354] encoded FSM with state register 'state_reg' using encoding 'one-hot' in module 'axi_data_fifo_v2_1_27_axic_reg_srl_fifo__parameterized1'
---------------------------------------------------------------------------------------------------
                   State |                     New Encoding |                Previous Encoding 
---------------------------------------------------------------------------------------------------
            P_WRITE_IDLE |                              001 |                               00
            P_WRITE_DATA |                              010 |                               01
            P_WRITE_RESP |                              100 |                               10
---------------------------------------------------------------------------------------------------
INFO: [Synth 8-3354] encoded FSM with state register 'gen_axi.write_cs_reg' using encoding 'one-hot' in module 'axi_crossbar_v2_1_29_decerr_slave'
---------------------------------------------------------------------------------
Finished RTL Optimization Phase 2 : Time (s): cpu = 00:00:29 ; elapsed = 00:00:31 . Memory (MB): peak = 2311.770 ; gain = 650.520 ; free physical = 4691 ; free virtual = 9580
---------------------------------------------------------------------------------
---------------------------------------------------------------------------------
Start RTL Component Statistics 
---------------------------------------------------------------------------------
Detailed RTL Component Info : 
+---Adders : 
	   2 Input    8 Bit       Adders := 3     
	   2 Input    4 Bit       Adders := 6     
	   2 Input    3 Bit       Adders := 5     
	   2 Input    2 Bit       Adders := 3     
	   2 Input    1 Bit       Adders := 2     
+---XORs : 
	   2 Input      1 Bit         XORs := 7     
+---Registers : 
	               68 Bit    Registers := 4     
	               64 Bit    Registers := 2     
	                8 Bit    Registers := 3     
	                4 Bit    Registers := 6     
	                3 Bit    Registers := 5     
	                2 Bit    Registers := 20    
	                1 Bit    Registers := 39    
+---Muxes : 
	   2 Input   68 Bit        Muxes := 4     
	   2 Input   16 Bit        Muxes := 4     
	   2 Input    8 Bit        Muxes := 1     
	   3 Input    4 Bit        Muxes := 3     
	   2 Input    4 Bit        Muxes := 11    
	   2 Input    3 Bit        Muxes := 2     
	   2 Input    2 Bit        Muxes := 16    
	   2 Input    1 Bit        Muxes := 50    
	   4 Input    1 Bit        Muxes := 9     
	   3 Input    1 Bit        Muxes := 9     
---------------------------------------------------------------------------------
Finished RTL Component Statistics 
---------------------------------------------------------------------------------
---------------------------------------------------------------------------------
Start Part Resource Summary
---------------------------------------------------------------------------------
Part Resources:
DSPs: 220 (col length:60)
BRAMs: 280 (col length: RAMB18 60 RAMB36 30)
---------------------------------------------------------------------------------
Finished Part Resource Summary
---------------------------------------------------------------------------------
---------------------------------------------------------------------------------
Start Cross Boundary and Area Optimization
---------------------------------------------------------------------------------
WARNING: [Synth 8-7080] Parallel synthesis criteria is not met
INFO: [Synth 8-3332] Sequential element (gen_samd.crossbar_samd/gen_slave_slots[1].gen_si_write.wdata_router_w/wrouter_aw_fifo/FSM_onehot_state_reg[2]) is unused and will be removed from module axi_crossbar_v2_1_29_axi_crossbar.
INFO: [Synth 8-3332] Sequential element (gen_samd.crossbar_samd/gen_master_slots[0].gen_mi_write.wdata_mux_w/gen_wmux.wmux_aw_fifo/FSM_onehot_state_reg[2]) is unused and will be removed from module axi_crossbar_v2_1_29_axi_crossbar.
INFO: [Synth 8-3332] Sequential element (gen_samd.crossbar_samd/gen_master_slots[1].gen_mi_write.wdata_mux_w/gen_wmux.wmux_aw_fifo/FSM_onehot_state_reg[2]) is unused and will be removed from module axi_crossbar_v2_1_29_axi_crossbar.
---------------------------------------------------------------------------------
Finished Cross Boundary and Area Optimization : Time (s): cpu = 00:00:33 ; elapsed = 00:00:35 . Memory (MB): peak = 2311.770 ; gain = 650.520 ; free physical = 4449 ; free virtual = 9337
---------------------------------------------------------------------------------
---------------------------------------------------------------------------------
Start Applying XDC Timing Constraints
---------------------------------------------------------------------------------
---------------------------------------------------------------------------------
Finished Applying XDC Timing Constraints : Time (s): cpu = 00:00:41 ; elapsed = 00:00:43 . Memory (MB): peak = 2311.770 ; gain = 650.520 ; free physical = 3769 ; free virtual = 8658
---------------------------------------------------------------------------------
---------------------------------------------------------------------------------
Start Timing Optimization
---------------------------------------------------------------------------------
---------------------------------------------------------------------------------
Finished Timing Optimization : Time (s): cpu = 00:00:42 ; elapsed = 00:00:44 . Memory (MB): peak = 2311.770 ; gain = 650.520 ; free physical = 3699 ; free virtual = 8588
---------------------------------------------------------------------------------
---------------------------------------------------------------------------------
Start Technology Mapping
---------------------------------------------------------------------------------
---------------------------------------------------------------------------------
Finished Technology Mapping : Time (s): cpu = 00:00:42 ; elapsed = 00:00:45 . Memory (MB): peak = 2311.770 ; gain = 650.520 ; free physical = 3696 ; free virtual = 8585
---------------------------------------------------------------------------------
---------------------------------------------------------------------------------
Start IO Insertion
---------------------------------------------------------------------------------
---------------------------------------------------------------------------------
Start Flattening Before IO Insertion
---------------------------------------------------------------------------------
---------------------------------------------------------------------------------
Finished Flattening Before IO Insertion
---------------------------------------------------------------------------------
---------------------------------------------------------------------------------
Start Final Netlist Cleanup
---------------------------------------------------------------------------------
---------------------------------------------------------------------------------
Finished Final Netlist Cleanup
---------------------------------------------------------------------------------
---------------------------------------------------------------------------------
Finished IO Insertion : Time (s): cpu = 00:00:48 ; elapsed = 00:00:50 . Memory (MB): peak = 2311.770 ; gain = 650.520 ; free physical = 3971 ; free virtual = 8864
---------------------------------------------------------------------------------
---------------------------------------------------------------------------------
Start Renaming Generated Instances
---------------------------------------------------------------------------------
---------------------------------------------------------------------------------
Finished Renaming Generated Instances : Time (s): cpu = 00:00:48 ; elapsed = 00:00:50 . Memory (MB): peak = 2311.770 ; gain = 650.520 ; free physical = 3971 ; free virtual = 8864
---------------------------------------------------------------------------------
---------------------------------------------------------------------------------
Start Rebuilding User Hierarchy
---------------------------------------------------------------------------------
---------------------------------------------------------------------------------
Finished Rebuilding User Hierarchy : Time (s): cpu = 00:00:48 ; elapsed = 00:00:50 . Memory (MB): peak = 2311.770 ; gain = 650.520 ; free physical = 3971 ; free virtual = 8863
---------------------------------------------------------------------------------
---------------------------------------------------------------------------------
Start Renaming Generated Ports
---------------------------------------------------------------------------------
---------------------------------------------------------------------------------
Finished Renaming Generated Ports : Time (s): cpu = 00:00:48 ; elapsed = 00:00:50 . Memory (MB): peak = 2311.770 ; gain = 650.520 ; free physical = 3971 ; free virtual = 8863
---------------------------------------------------------------------------------
---------------------------------------------------------------------------------
Start Handling Custom Attributes
---------------------------------------------------------------------------------
---------------------------------------------------------------------------------
Finished Handling Custom Attributes : Time (s): cpu = 00:00:48 ; elapsed = 00:00:50 . Memory (MB): peak = 2311.770 ; gain = 650.520 ; free physical = 3971 ; free virtual = 8863
---------------------------------------------------------------------------------
---------------------------------------------------------------------------------
Start Renaming Generated Nets
---------------------------------------------------------------------------------
---------------------------------------------------------------------------------
Finished Renaming Generated Nets : Time (s): cpu = 00:00:48 ; elapsed = 00:00:50 . Memory (MB): peak = 2311.770 ; gain = 650.520 ; free physical = 3971 ; free virtual = 8863
---------------------------------------------------------------------------------
---------------------------------------------------------------------------------
Start Writing Synthesis Report
---------------------------------------------------------------------------------

Report BlackBoxes: 
+-+--------------+----------+
| |BlackBox name |Instances |
+-+--------------+----------+
+-+--------------+----------+

Report Cell Usage: 
+------+--------+------+
|      |Cell    |Count |
+------+--------+------+
|1     |LUT1    |     9|
|2     |LUT2    |   210|
|3     |LUT3    |    99|
|4     |LUT4    |    37|
|5     |LUT5    |    45|
|6     |LUT6    |    70|
|7     |SRLC32E |     3|
|8     |FDRE    |   341|
|9     |FDSE    |    16|
+------+--------+------+
---------------------------------------------------------------------------------
Finished Writing Synthesis Report : Time (s): cpu = 00:00:48 ; elapsed = 00:00:50 . Memory (MB): peak = 2311.770 ; gain = 650.520 ; free physical = 3971 ; free virtual = 8863
---------------------------------------------------------------------------------
Synthesis finished with 0 errors, 0 critical warnings and 421 warnings.
Synthesis Optimization Runtime : Time (s): cpu = 00:00:44 ; elapsed = 00:00:47 . Memory (MB): peak = 2311.770 ; gain = 571.645 ; free physical = 3970 ; free virtual = 8862
Synthesis Optimization Complete : Time (s): cpu = 00:00:48 ; elapsed = 00:00:51 . Memory (MB): peak = 2311.770 ; gain = 650.520 ; free physical = 3970 ; free virtual = 8862
INFO: [Project 1-571] Translating synthesized netlist
Netlist sorting complete. Time (s): cpu = 00:00:00.02 ; elapsed = 00:00:00.02 . Memory (MB): peak = 2311.770 ; gain = 0.000 ; free physical = 4247 ; free virtual = 9140
INFO: [Project 1-570] Preparing netlist for logic optimization
INFO: [Opt 31-138] Pushed 0 inverter(s) to 0 load pin(s).
Netlist sorting complete. Time (s): cpu = 00:00:00 ; elapsed = 00:00:00 . Memory (MB): peak = 2327.785 ; gain = 0.000 ; free physical = 4249 ; free virtual = 9141
INFO: [Project 1-111] Unisim Transformation Summary:
No Unisim elements were transformed.

Synth Design complete | Checksum: 6a6e9613
INFO: [Common 17-83] Releasing license: Synthesis
113 Infos, 119 Warnings, 0 Critical Warnings and 0 Errors encountered.
synth_design completed successfully
synth_design: Time (s): cpu = 00:01:03 ; elapsed = 00:00:59 . Memory (MB): peak = 2327.785 ; gain = 992.129 ; free physical = 4249 ; free virtual = 9141
INFO: [Common 17-2834] synth_design peak Physical Memory [PSS] (MB): overall = 1740.124; main = 1430.886; forked = 320.590
INFO: [Common 17-2834] synth_design peak Virtual Memory [VSS] (MB): overall = 3273.863; main = 2327.789; forked = 978.090
INFO: [Common 17-1381] The checkpoint '/home/niranjan/XilinxToolsProjects/convolutionSystem/convolutionSystem.runs/convolutionSystem_xbar_0_synth_1/convolutionSystem_xbar_0.dcp' has been generated.
INFO: [Coretcl 2-1648] Added synthesis output to IP cache for IP convolutionSystem_xbar_0, cache-ID = 4ca17b2a09de3e58
INFO: [Coretcl 2-1174] Renamed 24 cell refs.
INFO: [Common 17-1381] The checkpoint '/home/niranjan/XilinxToolsProjects/convolutionSystem/convolutionSystem.runs/convolutionSystem_xbar_0_synth_1/convolutionSystem_xbar_0.dcp' has been generated.
INFO: [runtcl-4] Executing : report_utilization -file convolutionSystem_xbar_0_utilization_synth.rpt -pb convolutionSystem_xbar_0_utilization_synth.pb
INFO: [Common 17-206] Exiting Vivado at Thu Feb  6 15:27:38 2025...
