
*** Running vivado
    with args -log convolutionSystem_axis_dwidth_converter_0_0.vds -m64 -product Vivado -mode batch -messageDb vivado.pb -notrace -source convolutionSystem_axis_dwidth_converter_0_0.tcl


****** Vivado v2023.1 (64-bit)
  **** SW Build 3865809 on Sun May  7 15:04:56 MDT 2023
  **** IP Build 3864474 on Sun May  7 20:36:21 MDT 2023
  **** SharedData Build 3865790 on Sun May 07 13:33:03 MDT 2023
    ** Copyright 1986-2022 Xilinx, Inc. All Rights Reserved.
    ** Copyright 2022-2023 Advanced Micro Devices, Inc. All Rights Reserved.

source convolutionSystem_axis_dwidth_converter_0_0.tcl -notrace
create_project: Time (s): cpu = 00:00:22 ; elapsed = 00:00:22 . Memory (MB): peak = 1332.762 ; gain = 0.023 ; free physical = 2374 ; free virtual = 9037
INFO: [IP_Flow 19-234] Refreshing IP repositories
INFO: [IP_Flow 19-1700] Loaded user IP repository '/home/niranjan/XilinxToolsProjects/ip_repo'.
INFO: [IP_Flow 19-2313] Loaded Vivado IP repository '/tools/Xilinx/Vivado/2023.1/data/ip'.
INFO: [IP_Flow 19-6924] IPCACHE: Running cache check for IP inst: convolutionSystem_axis_dwidth_converter_0_0
Command: synth_design -top convolutionSystem_axis_dwidth_converter_0_0 -part xc7z020clg400-1 -incremental_mode off -mode out_of_context
Starting synth_design
Attempting to get a license for feature 'Synthesis' and/or device 'xc7z020'
INFO: [Common 17-349] Got license for feature 'Synthesis' and/or device 'xc7z020'
INFO: [Device 21-403] Loading part xc7z020clg400-1
INFO: [Synth 8-7079] Multithreading enabled for synth_design using a maximum of 4 processes.
INFO: [Synth 8-7078] Launching helper process for spawning children vivado processes
INFO: [Synth 8-7075] Helper process launched with PID 19569
---------------------------------------------------------------------------------
Starting RTL Elaboration : Time (s): cpu = 00:00:14 ; elapsed = 00:00:16 . Memory (MB): peak = 2030.023 ; gain = 377.699 ; free physical = 176 ; free virtual = 1354
---------------------------------------------------------------------------------
INFO: [Synth 8-6157] synthesizing module 'convolutionSystem_axis_dwidth_converter_0_0' [/home/niranjan/XilinxToolsProjects/convolutionSystem/convolutionSystem.gen/sources_1/bd/convolutionSystem/ip/convolutionSystem_axis_dwidth_converter_0_0/synth/convolutionSystem_axis_dwidth_converter_0_0.v:53]
INFO: [Synth 8-6157] synthesizing module 'axis_dwidth_converter_v1_1_27_axis_dwidth_converter' [/home/niranjan/XilinxToolsProjects/convolutionSystem/convolutionSystem.gen/sources_1/bd/convolutionSystem/ipshared/4fc2/hdl/axis_dwidth_converter_v1_1_vl_rfs.v:809]
INFO: [Synth 8-6157] synthesizing module 'axis_dwidth_converter_v1_1_27_axisc_upsizer' [/home/niranjan/XilinxToolsProjects/convolutionSystem/convolutionSystem.gen/sources_1/bd/convolutionSystem/ipshared/4fc2/hdl/axis_dwidth_converter_v1_1_vl_rfs.v:436]
INFO: [Synth 8-6155] done synthesizing module 'axis_dwidth_converter_v1_1_27_axisc_upsizer' (0#1) [/home/niranjan/XilinxToolsProjects/convolutionSystem/convolutionSystem.gen/sources_1/bd/convolutionSystem/ipshared/4fc2/hdl/axis_dwidth_converter_v1_1_vl_rfs.v:436]
INFO: [Synth 8-6157] synthesizing module 'axis_dwidth_converter_v1_1_27_axisc_downsizer' [/home/niranjan/XilinxToolsProjects/convolutionSystem/convolutionSystem.gen/sources_1/bd/convolutionSystem/ipshared/4fc2/hdl/axis_dwidth_converter_v1_1_vl_rfs.v:61]
INFO: [Synth 8-6155] done synthesizing module 'axis_dwidth_converter_v1_1_27_axisc_downsizer' (0#1) [/home/niranjan/XilinxToolsProjects/convolutionSystem/convolutionSystem.gen/sources_1/bd/convolutionSystem/ipshared/4fc2/hdl/axis_dwidth_converter_v1_1_vl_rfs.v:61]
INFO: [Synth 8-6157] synthesizing module 'axis_register_slice_v1_1_28_axis_register_slice' [/home/niranjan/XilinxToolsProjects/convolutionSystem/convolutionSystem.gen/sources_1/bd/convolutionSystem/ipshared/eb9f/hdl/axis_register_slice_v1_1_vl_rfs.v:2837]
INFO: [Synth 8-6157] synthesizing module 'axis_infrastructure_v1_1_0_util_axis2vector' [/home/niranjan/XilinxToolsProjects/convolutionSystem/convolutionSystem.gen/sources_1/bd/convolutionSystem/ipshared/8713/hdl/axis_infrastructure_v1_1_vl_rfs.v:809]
INFO: [Synth 8-6155] done synthesizing module 'axis_infrastructure_v1_1_0_util_axis2vector' (0#1) [/home/niranjan/XilinxToolsProjects/convolutionSystem/convolutionSystem.gen/sources_1/bd/convolutionSystem/ipshared/8713/hdl/axis_infrastructure_v1_1_vl_rfs.v:809]
INFO: [Synth 8-6157] synthesizing module 'axis_register_slice_v1_1_28_axisc_register_slice' [/home/niranjan/XilinxToolsProjects/convolutionSystem/convolutionSystem.gen/sources_1/bd/convolutionSystem/ipshared/eb9f/hdl/axis_register_slice_v1_1_vl_rfs.v:1935]
INFO: [Synth 8-6155] done synthesizing module 'axis_register_slice_v1_1_28_axisc_register_slice' (0#1) [/home/niranjan/XilinxToolsProjects/convolutionSystem/convolutionSystem.gen/sources_1/bd/convolutionSystem/ipshared/eb9f/hdl/axis_register_slice_v1_1_vl_rfs.v:1935]
INFO: [Synth 8-6157] synthesizing module 'axis_infrastructure_v1_1_0_util_vector2axis' [/home/niranjan/XilinxToolsProjects/convolutionSystem/convolutionSystem.gen/sources_1/bd/convolutionSystem/ipshared/8713/hdl/axis_infrastructure_v1_1_vl_rfs.v:991]
INFO: [Synth 8-6155] done synthesizing module 'axis_infrastructure_v1_1_0_util_vector2axis' (0#1) [/home/niranjan/XilinxToolsProjects/convolutionSystem/convolutionSystem.gen/sources_1/bd/convolutionSystem/ipshared/8713/hdl/axis_infrastructure_v1_1_vl_rfs.v:991]
INFO: [Synth 8-6155] done synthesizing module 'axis_register_slice_v1_1_28_axis_register_slice' (0#1) [/home/niranjan/XilinxToolsProjects/convolutionSystem/convolutionSystem.gen/sources_1/bd/convolutionSystem/ipshared/eb9f/hdl/axis_register_slice_v1_1_vl_rfs.v:2837]
INFO: [Synth 8-6157] synthesizing module 'axis_register_slice_v1_1_28_axis_register_slice__parameterized0' [/home/niranjan/XilinxToolsProjects/convolutionSystem/convolutionSystem.gen/sources_1/bd/convolutionSystem/ipshared/eb9f/hdl/axis_register_slice_v1_1_vl_rfs.v:2837]
INFO: [Synth 8-6157] synthesizing module 'axis_infrastructure_v1_1_0_util_axis2vector__parameterized0' [/home/niranjan/XilinxToolsProjects/convolutionSystem/convolutionSystem.gen/sources_1/bd/convolutionSystem/ipshared/8713/hdl/axis_infrastructure_v1_1_vl_rfs.v:809]
INFO: [Synth 8-6155] done synthesizing module 'axis_infrastructure_v1_1_0_util_axis2vector__parameterized0' (0#1) [/home/niranjan/XilinxToolsProjects/convolutionSystem/convolutionSystem.gen/sources_1/bd/convolutionSystem/ipshared/8713/hdl/axis_infrastructure_v1_1_vl_rfs.v:809]
INFO: [Synth 8-6157] synthesizing module 'axis_register_slice_v1_1_28_axisc_register_slice__parameterized0' [/home/niranjan/XilinxToolsProjects/convolutionSystem/convolutionSystem.gen/sources_1/bd/convolutionSystem/ipshared/eb9f/hdl/axis_register_slice_v1_1_vl_rfs.v:1935]
INFO: [Synth 8-6155] done synthesizing module 'axis_register_slice_v1_1_28_axisc_register_slice__parameterized0' (0#1) [/home/niranjan/XilinxToolsProjects/convolutionSystem/convolutionSystem.gen/sources_1/bd/convolutionSystem/ipshared/eb9f/hdl/axis_register_slice_v1_1_vl_rfs.v:1935]
INFO: [Synth 8-6157] synthesizing module 'axis_infrastructure_v1_1_0_util_vector2axis__parameterized0' [/home/niranjan/XilinxToolsProjects/convolutionSystem/convolutionSystem.gen/sources_1/bd/convolutionSystem/ipshared/8713/hdl/axis_infrastructure_v1_1_vl_rfs.v:991]
INFO: [Synth 8-6155] done synthesizing module 'axis_infrastructure_v1_1_0_util_vector2axis__parameterized0' (0#1) [/home/niranjan/XilinxToolsProjects/convolutionSystem/convolutionSystem.gen/sources_1/bd/convolutionSystem/ipshared/8713/hdl/axis_infrastructure_v1_1_vl_rfs.v:991]
INFO: [Synth 8-6155] done synthesizing module 'axis_register_slice_v1_1_28_axis_register_slice__parameterized0' (0#1) [/home/niranjan/XilinxToolsProjects/convolutionSystem/convolutionSystem.gen/sources_1/bd/convolutionSystem/ipshared/eb9f/hdl/axis_register_slice_v1_1_vl_rfs.v:2837]
INFO: [Synth 8-6155] done synthesizing module 'axis_dwidth_converter_v1_1_27_axis_dwidth_converter' (0#1) [/home/niranjan/XilinxToolsProjects/convolutionSystem/convolutionSystem.gen/sources_1/bd/convolutionSystem/ipshared/4fc2/hdl/axis_dwidth_converter_v1_1_vl_rfs.v:809]
INFO: [Synth 8-6155] done synthesizing module 'convolutionSystem_axis_dwidth_converter_0_0' (0#1) [/home/niranjan/XilinxToolsProjects/convolutionSystem/convolutionSystem.gen/sources_1/bd/convolutionSystem/ip/convolutionSystem_axis_dwidth_converter_0_0/synth/convolutionSystem_axis_dwidth_converter_0_0.v:53]
WARNING: [Synth 8-6014] Unused sequential element r0_is_null_r_reg was removed.  [/home/niranjan/XilinxToolsProjects/convolutionSystem/convolutionSystem.gen/sources_1/bd/convolutionSystem/ipshared/4fc2/hdl/axis_dwidth_converter_v1_1_vl_rfs.v:311]
WARNING: [Synth 8-7129] Port ACLK in module axis_register_slice_v1_1_28_axisc_register_slice__parameterized0 is either unconnected or has no load
WARNING: [Synth 8-7129] Port ACLK2X in module axis_register_slice_v1_1_28_axisc_register_slice__parameterized0 is either unconnected or has no load
WARNING: [Synth 8-7129] Port ARESET in module axis_register_slice_v1_1_28_axisc_register_slice__parameterized0 is either unconnected or has no load
WARNING: [Synth 8-7129] Port ACLKEN in module axis_register_slice_v1_1_28_axisc_register_slice__parameterized0 is either unconnected or has no load
WARNING: [Synth 8-7129] Port TSTRB[3] in module axis_infrastructure_v1_1_0_util_axis2vector__parameterized0 is either unconnected or has no load
WARNING: [Synth 8-7129] Port TSTRB[2] in module axis_infrastructure_v1_1_0_util_axis2vector__parameterized0 is either unconnected or has no load
WARNING: [Synth 8-7129] Port TSTRB[1] in module axis_infrastructure_v1_1_0_util_axis2vector__parameterized0 is either unconnected or has no load
WARNING: [Synth 8-7129] Port TSTRB[0] in module axis_infrastructure_v1_1_0_util_axis2vector__parameterized0 is either unconnected or has no load
WARNING: [Synth 8-7129] Port TKEEP[3] in module axis_infrastructure_v1_1_0_util_axis2vector__parameterized0 is either unconnected or has no load
WARNING: [Synth 8-7129] Port TKEEP[2] in module axis_infrastructure_v1_1_0_util_axis2vector__parameterized0 is either unconnected or has no load
WARNING: [Synth 8-7129] Port TKEEP[1] in module axis_infrastructure_v1_1_0_util_axis2vector__parameterized0 is either unconnected or has no load
WARNING: [Synth 8-7129] Port TKEEP[0] in module axis_infrastructure_v1_1_0_util_axis2vector__parameterized0 is either unconnected or has no load
WARNING: [Synth 8-7129] Port TLAST in module axis_infrastructure_v1_1_0_util_axis2vector__parameterized0 is either unconnected or has no load
WARNING: [Synth 8-7129] Port TID[0] in module axis_infrastructure_v1_1_0_util_axis2vector__parameterized0 is either unconnected or has no load
WARNING: [Synth 8-7129] Port TDEST[0] in module axis_infrastructure_v1_1_0_util_axis2vector__parameterized0 is either unconnected or has no load
WARNING: [Synth 8-7129] Port TUSER[3] in module axis_infrastructure_v1_1_0_util_axis2vector__parameterized0 is either unconnected or has no load
WARNING: [Synth 8-7129] Port TUSER[2] in module axis_infrastructure_v1_1_0_util_axis2vector__parameterized0 is either unconnected or has no load
WARNING: [Synth 8-7129] Port TUSER[1] in module axis_infrastructure_v1_1_0_util_axis2vector__parameterized0 is either unconnected or has no load
WARNING: [Synth 8-7129] Port TUSER[0] in module axis_infrastructure_v1_1_0_util_axis2vector__parameterized0 is either unconnected or has no load
WARNING: [Synth 8-7129] Port ACLK in module axis_register_slice_v1_1_28_axisc_register_slice is either unconnected or has no load
WARNING: [Synth 8-7129] Port ACLK2X in module axis_register_slice_v1_1_28_axisc_register_slice is either unconnected or has no load
WARNING: [Synth 8-7129] Port ARESET in module axis_register_slice_v1_1_28_axisc_register_slice is either unconnected or has no load
WARNING: [Synth 8-7129] Port ACLKEN in module axis_register_slice_v1_1_28_axisc_register_slice is either unconnected or has no load
WARNING: [Synth 8-7129] Port TSTRB[2] in module axis_infrastructure_v1_1_0_util_axis2vector is either unconnected or has no load
WARNING: [Synth 8-7129] Port TSTRB[1] in module axis_infrastructure_v1_1_0_util_axis2vector is either unconnected or has no load
WARNING: [Synth 8-7129] Port TSTRB[0] in module axis_infrastructure_v1_1_0_util_axis2vector is either unconnected or has no load
WARNING: [Synth 8-7129] Port TKEEP[2] in module axis_infrastructure_v1_1_0_util_axis2vector is either unconnected or has no load
WARNING: [Synth 8-7129] Port TKEEP[1] in module axis_infrastructure_v1_1_0_util_axis2vector is either unconnected or has no load
WARNING: [Synth 8-7129] Port TKEEP[0] in module axis_infrastructure_v1_1_0_util_axis2vector is either unconnected or has no load
WARNING: [Synth 8-7129] Port TLAST in module axis_infrastructure_v1_1_0_util_axis2vector is either unconnected or has no load
WARNING: [Synth 8-7129] Port TID[0] in module axis_infrastructure_v1_1_0_util_axis2vector is either unconnected or has no load
WARNING: [Synth 8-7129] Port TDEST[0] in module axis_infrastructure_v1_1_0_util_axis2vector is either unconnected or has no load
WARNING: [Synth 8-7129] Port TUSER[2] in module axis_infrastructure_v1_1_0_util_axis2vector is either unconnected or has no load
WARNING: [Synth 8-7129] Port TUSER[1] in module axis_infrastructure_v1_1_0_util_axis2vector is either unconnected or has no load
WARNING: [Synth 8-7129] Port TUSER[0] in module axis_infrastructure_v1_1_0_util_axis2vector is either unconnected or has no load
WARNING: [Synth 8-7129] Port s_axis_tkeep[2] in module axis_dwidth_converter_v1_1_27_axis_dwidth_converter is either unconnected or has no load
WARNING: [Synth 8-7129] Port s_axis_tkeep[1] in module axis_dwidth_converter_v1_1_27_axis_dwidth_converter is either unconnected or has no load
WARNING: [Synth 8-7129] Port s_axis_tkeep[0] in module axis_dwidth_converter_v1_1_27_axis_dwidth_converter is either unconnected or has no load
WARNING: [Synth 8-7129] Port s_axis_tuser[0] in module axis_dwidth_converter_v1_1_27_axis_dwidth_converter is either unconnected or has no load
---------------------------------------------------------------------------------
Finished RTL Elaboration : Time (s): cpu = 00:00:19 ; elapsed = 00:00:21 . Memory (MB): peak = 2105.930 ; gain = 453.605 ; free physical = 156 ; free virtual = 813
---------------------------------------------------------------------------------
---------------------------------------------------------------------------------
Start Handling Custom Attributes
---------------------------------------------------------------------------------
---------------------------------------------------------------------------------
Finished Handling Custom Attributes : Time (s): cpu = 00:00:19 ; elapsed = 00:00:22 . Memory (MB): peak = 2123.742 ; gain = 471.418 ; free physical = 152 ; free virtual = 792
---------------------------------------------------------------------------------
---------------------------------------------------------------------------------
Finished RTL Optimization Phase 1 : Time (s): cpu = 00:00:19 ; elapsed = 00:00:22 . Memory (MB): peak = 2123.742 ; gain = 471.418 ; free physical = 150 ; free virtual = 793
---------------------------------------------------------------------------------
Netlist sorting complete. Time (s): cpu = 00:00:00.03 ; elapsed = 00:00:00.03 . Memory (MB): peak = 2123.742 ; gain = 0.000 ; free physical = 170 ; free virtual = 795

*** Running vivado
    with args -log convolutionSystem_axis_dwidth_converter_0_0.vds -m64 -product Vivado -mode batch -messageDb vivado.pb -notrace -source convolutionSystem_axis_dwidth_converter_0_0.tcl


****** Vivado v2023.1 (64-bit)
  **** SW Build 3865809 on Sun May  7 15:04:56 MDT 2023
  **** IP Build 3864474 on Sun May  7 20:36:21 MDT 2023
  **** SharedData Build 3865790 on Sun May 07 13:33:03 MDT 2023
    ** Copyright 1986-2022 Xilinx, Inc. All Rights Reserved.
    ** Copyright 2022-2023 Advanced Micro Devices, Inc. All Rights Reserved.

source convolutionSystem_axis_dwidth_converter_0_0.tcl -notrace
create_project: Time (s): cpu = 00:00:11 ; elapsed = 00:00:11 . Memory (MB): peak = 1283.426 ; gain = 0.023 ; free physical = 4801 ; free virtual = 9689
INFO: [IP_Flow 19-234] Refreshing IP repositories
INFO: [IP_Flow 19-1700] Loaded user IP repository '/home/niranjan/XilinxToolsProjects/ip_repo'.
INFO: [IP_Flow 19-2313] Loaded Vivado IP repository '/tools/Xilinx/Vivado/2023.1/data/ip'.
INFO: [IP_Flow 19-6924] IPCACHE: Running cache check for IP inst: convolutionSystem_axis_dwidth_converter_0_0
Command: synth_design -top convolutionSystem_axis_dwidth_converter_0_0 -part xc7z020clg400-1 -incremental_mode off -mode out_of_context
Starting synth_design
Attempting to get a license for feature 'Synthesis' and/or device 'xc7z020'
INFO: [Common 17-349] Got license for feature 'Synthesis' and/or device 'xc7z020'
INFO: [Device 21-403] Loading part xc7z020clg400-1
INFO: [Synth 8-7079] Multithreading enabled for synth_design using a maximum of 4 processes.
INFO: [Synth 8-7078] Launching helper process for spawning children vivado processes
INFO: [Synth 8-7075] Helper process launched with PID 23648
---------------------------------------------------------------------------------
Starting RTL Elaboration : Time (s): cpu = 00:00:06 ; elapsed = 00:00:07 . Memory (MB): peak = 2029.539 ; gain = 377.801 ; free physical = 3790 ; free virtual = 8679
---------------------------------------------------------------------------------
INFO: [Synth 8-6157] synthesizing module 'convolutionSystem_axis_dwidth_converter_0_0' [/home/niranjan/XilinxToolsProjects/convolutionSystem/convolutionSystem.gen/sources_1/bd/convolutionSystem/ip/convolutionSystem_axis_dwidth_converter_0_0/synth/convolutionSystem_axis_dwidth_converter_0_0.v:53]
INFO: [Synth 8-6157] synthesizing module 'axis_dwidth_converter_v1_1_27_axis_dwidth_converter' [/home/niranjan/XilinxToolsProjects/convolutionSystem/convolutionSystem.gen/sources_1/bd/convolutionSystem/ipshared/4fc2/hdl/axis_dwidth_converter_v1_1_vl_rfs.v:809]
INFO: [Synth 8-6157] synthesizing module 'axis_dwidth_converter_v1_1_27_axisc_upsizer' [/home/niranjan/XilinxToolsProjects/convolutionSystem/convolutionSystem.gen/sources_1/bd/convolutionSystem/ipshared/4fc2/hdl/axis_dwidth_converter_v1_1_vl_rfs.v:436]
INFO: [Synth 8-6155] done synthesizing module 'axis_dwidth_converter_v1_1_27_axisc_upsizer' (0#1) [/home/niranjan/XilinxToolsProjects/convolutionSystem/convolutionSystem.gen/sources_1/bd/convolutionSystem/ipshared/4fc2/hdl/axis_dwidth_converter_v1_1_vl_rfs.v:436]
INFO: [Synth 8-6157] synthesizing module 'axis_dwidth_converter_v1_1_27_axisc_downsizer' [/home/niranjan/XilinxToolsProjects/convolutionSystem/convolutionSystem.gen/sources_1/bd/convolutionSystem/ipshared/4fc2/hdl/axis_dwidth_converter_v1_1_vl_rfs.v:61]
INFO: [Synth 8-6155] done synthesizing module 'axis_dwidth_converter_v1_1_27_axisc_downsizer' (0#1) [/home/niranjan/XilinxToolsProjects/convolutionSystem/convolutionSystem.gen/sources_1/bd/convolutionSystem/ipshared/4fc2/hdl/axis_dwidth_converter_v1_1_vl_rfs.v:61]
INFO: [Synth 8-6157] synthesizing module 'axis_register_slice_v1_1_28_axis_register_slice' [/home/niranjan/XilinxToolsProjects/convolutionSystem/convolutionSystem.gen/sources_1/bd/convolutionSystem/ipshared/eb9f/hdl/axis_register_slice_v1_1_vl_rfs.v:2837]
INFO: [Synth 8-6157] synthesizing module 'axis_infrastructure_v1_1_0_util_axis2vector' [/home/niranjan/XilinxToolsProjects/convolutionSystem/convolutionSystem.gen/sources_1/bd/convolutionSystem/ipshared/8713/hdl/axis_infrastructure_v1_1_vl_rfs.v:809]
INFO: [Synth 8-6155] done synthesizing module 'axis_infrastructure_v1_1_0_util_axis2vector' (0#1) [/home/niranjan/XilinxToolsProjects/convolutionSystem/convolutionSystem.gen/sources_1/bd/convolutionSystem/ipshared/8713/hdl/axis_infrastructure_v1_1_vl_rfs.v:809]
INFO: [Synth 8-6157] synthesizing module 'axis_register_slice_v1_1_28_axisc_register_slice' [/home/niranjan/XilinxToolsProjects/convolutionSystem/convolutionSystem.gen/sources_1/bd/convolutionSystem/ipshared/eb9f/hdl/axis_register_slice_v1_1_vl_rfs.v:1935]
INFO: [Synth 8-6155] done synthesizing module 'axis_register_slice_v1_1_28_axisc_register_slice' (0#1) [/home/niranjan/XilinxToolsProjects/convolutionSystem/convolutionSystem.gen/sources_1/bd/convolutionSystem/ipshared/eb9f/hdl/axis_register_slice_v1_1_vl_rfs.v:1935]
INFO: [Synth 8-6157] synthesizing module 'axis_infrastructure_v1_1_0_util_vector2axis' [/home/niranjan/XilinxToolsProjects/convolutionSystem/convolutionSystem.gen/sources_1/bd/convolutionSystem/ipshared/8713/hdl/axis_infrastructure_v1_1_vl_rfs.v:991]
INFO: [Synth 8-6155] done synthesizing module 'axis_infrastructure_v1_1_0_util_vector2axis' (0#1) [/home/niranjan/XilinxToolsProjects/convolutionSystem/convolutionSystem.gen/sources_1/bd/convolutionSystem/ipshared/8713/hdl/axis_infrastructure_v1_1_vl_rfs.v:991]
INFO: [Synth 8-6155] done synthesizing module 'axis_register_slice_v1_1_28_axis_register_slice' (0#1) [/home/niranjan/XilinxToolsProjects/convolutionSystem/convolutionSystem.gen/sources_1/bd/convolutionSystem/ipshared/eb9f/hdl/axis_register_slice_v1_1_vl_rfs.v:2837]
INFO: [Synth 8-6157] synthesizing module 'axis_register_slice_v1_1_28_axis_register_slice__parameterized0' [/home/niranjan/XilinxToolsProjects/convolutionSystem/convolutionSystem.gen/sources_1/bd/convolutionSystem/ipshared/eb9f/hdl/axis_register_slice_v1_1_vl_rfs.v:2837]
INFO: [Synth 8-6157] synthesizing module 'axis_infrastructure_v1_1_0_util_axis2vector__parameterized0' [/home/niranjan/XilinxToolsProjects/convolutionSystem/convolutionSystem.gen/sources_1/bd/convolutionSystem/ipshared/8713/hdl/axis_infrastructure_v1_1_vl_rfs.v:809]
INFO: [Synth 8-6155] done synthesizing module 'axis_infrastructure_v1_1_0_util_axis2vector__parameterized0' (0#1) [/home/niranjan/XilinxToolsProjects/convolutionSystem/convolutionSystem.gen/sources_1/bd/convolutionSystem/ipshared/8713/hdl/axis_infrastructure_v1_1_vl_rfs.v:809]
INFO: [Synth 8-6157] synthesizing module 'axis_register_slice_v1_1_28_axisc_register_slice__parameterized0' [/home/niranjan/XilinxToolsProjects/convolutionSystem/convolutionSystem.gen/sources_1/bd/convolutionSystem/ipshared/eb9f/hdl/axis_register_slice_v1_1_vl_rfs.v:1935]
INFO: [Synth 8-6155] done synthesizing module 'axis_register_slice_v1_1_28_axisc_register_slice__parameterized0' (0#1) [/home/niranjan/XilinxToolsProjects/convolutionSystem/convolutionSystem.gen/sources_1/bd/convolutionSystem/ipshared/eb9f/hdl/axis_register_slice_v1_1_vl_rfs.v:1935]
INFO: [Synth 8-6157] synthesizing module 'axis_infrastructure_v1_1_0_util_vector2axis__parameterized0' [/home/niranjan/XilinxToolsProjects/convolutionSystem/convolutionSystem.gen/sources_1/bd/convolutionSystem/ipshared/8713/hdl/axis_infrastructure_v1_1_vl_rfs.v:991]
INFO: [Synth 8-6155] done synthesizing module 'axis_infrastructure_v1_1_0_util_vector2axis__parameterized0' (0#1) [/home/niranjan/XilinxToolsProjects/convolutionSystem/convolutionSystem.gen/sources_1/bd/convolutionSystem/ipshared/8713/hdl/axis_infrastructure_v1_1_vl_rfs.v:991]
INFO: [Synth 8-6155] done synthesizing module 'axis_register_slice_v1_1_28_axis_register_slice__parameterized0' (0#1) [/home/niranjan/XilinxToolsProjects/convolutionSystem/convolutionSystem.gen/sources_1/bd/convolutionSystem/ipshared/eb9f/hdl/axis_register_slice_v1_1_vl_rfs.v:2837]
INFO: [Synth 8-6155] done synthesizing module 'axis_dwidth_converter_v1_1_27_axis_dwidth_converter' (0#1) [/home/niranjan/XilinxToolsProjects/convolutionSystem/convolutionSystem.gen/sources_1/bd/convolutionSystem/ipshared/4fc2/hdl/axis_dwidth_converter_v1_1_vl_rfs.v:809]
INFO: [Synth 8-6155] done synthesizing module 'convolutionSystem_axis_dwidth_converter_0_0' (0#1) [/home/niranjan/XilinxToolsProjects/convolutionSystem/convolutionSystem.gen/sources_1/bd/convolutionSystem/ip/convolutionSystem_axis_dwidth_converter_0_0/synth/convolutionSystem_axis_dwidth_converter_0_0.v:53]
WARNING: [Synth 8-6014] Unused sequential element r0_is_null_r_reg was removed.  [/home/niranjan/XilinxToolsProjects/convolutionSystem/convolutionSystem.gen/sources_1/bd/convolutionSystem/ipshared/4fc2/hdl/axis_dwidth_converter_v1_1_vl_rfs.v:311]
WARNING: [Synth 8-7129] Port ACLK in module axis_register_slice_v1_1_28_axisc_register_slice__parameterized0 is either unconnected or has no load
WARNING: [Synth 8-7129] Port ACLK2X in module axis_register_slice_v1_1_28_axisc_register_slice__parameterized0 is either unconnected or has no load
WARNING: [Synth 8-7129] Port ARESET in module axis_register_slice_v1_1_28_axisc_register_slice__parameterized0 is either unconnected or has no load
WARNING: [Synth 8-7129] Port ACLKEN in module axis_register_slice_v1_1_28_axisc_register_slice__parameterized0 is either unconnected or has no load
WARNING: [Synth 8-7129] Port TSTRB[3] in module axis_infrastructure_v1_1_0_util_axis2vector__parameterized0 is either unconnected or has no load
WARNING: [Synth 8-7129] Port TSTRB[2] in module axis_infrastructure_v1_1_0_util_axis2vector__parameterized0 is either unconnected or has no load
WARNING: [Synth 8-7129] Port TSTRB[1] in module axis_infrastructure_v1_1_0_util_axis2vector__parameterized0 is either unconnected or has no load
WARNING: [Synth 8-7129] Port TSTRB[0] in module axis_infrastructure_v1_1_0_util_axis2vector__parameterized0 is either unconnected or has no load
WARNING: [Synth 8-7129] Port TKEEP[3] in module axis_infrastructure_v1_1_0_util_axis2vector__parameterized0 is either unconnected or has no load
WARNING: [Synth 8-7129] Port TKEEP[2] in module axis_infrastructure_v1_1_0_util_axis2vector__parameterized0 is either unconnected or has no load
WARNING: [Synth 8-7129] Port TKEEP[1] in module axis_infrastructure_v1_1_0_util_axis2vector__parameterized0 is either unconnected or has no load
WARNING: [Synth 8-7129] Port TKEEP[0] in module axis_infrastructure_v1_1_0_util_axis2vector__parameterized0 is either unconnected or has no load
WARNING: [Synth 8-7129] Port TLAST in module axis_infrastructure_v1_1_0_util_axis2vector__parameterized0 is either unconnected or has no load
WARNING: [Synth 8-7129] Port TID[0] in module axis_infrastructure_v1_1_0_util_axis2vector__parameterized0 is either unconnected or has no load
WARNING: [Synth 8-7129] Port TDEST[0] in module axis_infrastructure_v1_1_0_util_axis2vector__parameterized0 is either unconnected or has no load
WARNING: [Synth 8-7129] Port TUSER[3] in module axis_infrastructure_v1_1_0_util_axis2vector__parameterized0 is either unconnected or has no load
WARNING: [Synth 8-7129] Port TUSER[2] in module axis_infrastructure_v1_1_0_util_axis2vector__parameterized0 is either unconnected or has no load
WARNING: [Synth 8-7129] Port TUSER[1] in module axis_infrastructure_v1_1_0_util_axis2vector__parameterized0 is either unconnected or has no load
WARNING: [Synth 8-7129] Port TUSER[0] in module axis_infrastructure_v1_1_0_util_axis2vector__parameterized0 is either unconnected or has no load
WARNING: [Synth 8-7129] Port ACLK in module axis_register_slice_v1_1_28_axisc_register_slice is either unconnected or has no load
WARNING: [Synth 8-7129] Port ACLK2X in module axis_register_slice_v1_1_28_axisc_register_slice is either unconnected or has no load
WARNING: [Synth 8-7129] Port ARESET in module axis_register_slice_v1_1_28_axisc_register_slice is either unconnected or has no load
WARNING: [Synth 8-7129] Port ACLKEN in module axis_register_slice_v1_1_28_axisc_register_slice is either unconnected or has no load
WARNING: [Synth 8-7129] Port TSTRB[2] in module axis_infrastructure_v1_1_0_util_axis2vector is either unconnected or has no load
WARNING: [Synth 8-7129] Port TSTRB[1] in module axis_infrastructure_v1_1_0_util_axis2vector is either unconnected or has no load
WARNING: [Synth 8-7129] Port TSTRB[0] in module axis_infrastructure_v1_1_0_util_axis2vector is either unconnected or has no load
WARNING: [Synth 8-7129] Port TKEEP[2] in module axis_infrastructure_v1_1_0_util_axis2vector is either unconnected or has no load
WARNING: [Synth 8-7129] Port TKEEP[1] in module axis_infrastructure_v1_1_0_util_axis2vector is either unconnected or has no load
WARNING: [Synth 8-7129] Port TKEEP[0] in module axis_infrastructure_v1_1_0_util_axis2vector is either unconnected or has no load
WARNING: [Synth 8-7129] Port TLAST in module axis_infrastructure_v1_1_0_util_axis2vector is either unconnected or has no load
WARNING: [Synth 8-7129] Port TID[0] in module axis_infrastructure_v1_1_0_util_axis2vector is either unconnected or has no load
WARNING: [Synth 8-7129] Port TDEST[0] in module axis_infrastructure_v1_1_0_util_axis2vector is either unconnected or has no load
WARNING: [Synth 8-7129] Port TUSER[2] in module axis_infrastructure_v1_1_0_util_axis2vector is either unconnected or has no load
WARNING: [Synth 8-7129] Port TUSER[1] in module axis_infrastructure_v1_1_0_util_axis2vector is either unconnected or has no load
WARNING: [Synth 8-7129] Port TUSER[0] in module axis_infrastructure_v1_1_0_util_axis2vector is either unconnected or has no load
WARNING: [Synth 8-7129] Port s_axis_tkeep[2] in module axis_dwidth_converter_v1_1_27_axis_dwidth_converter is either unconnected or has no load
WARNING: [Synth 8-7129] Port s_axis_tkeep[1] in module axis_dwidth_converter_v1_1_27_axis_dwidth_converter is either unconnected or has no load
WARNING: [Synth 8-7129] Port s_axis_tkeep[0] in module axis_dwidth_converter_v1_1_27_axis_dwidth_converter is either unconnected or has no load
WARNING: [Synth 8-7129] Port s_axis_tuser[0] in module axis_dwidth_converter_v1_1_27_axis_dwidth_converter is either unconnected or has no load
---------------------------------------------------------------------------------
Finished RTL Elaboration : Time (s): cpu = 00:00:09 ; elapsed = 00:00:10 . Memory (MB): peak = 2105.414 ; gain = 453.676 ; free physical = 3693 ; free virtual = 8583
---------------------------------------------------------------------------------
---------------------------------------------------------------------------------
Start Handling Custom Attributes
---------------------------------------------------------------------------------
---------------------------------------------------------------------------------
Finished Handling Custom Attributes : Time (s): cpu = 00:00:09 ; elapsed = 00:00:10 . Memory (MB): peak = 2123.227 ; gain = 471.488 ; free physical = 3692 ; free virtual = 8582
---------------------------------------------------------------------------------
---------------------------------------------------------------------------------
Finished RTL Optimization Phase 1 : Time (s): cpu = 00:00:09 ; elapsed = 00:00:10 . Memory (MB): peak = 2123.227 ; gain = 471.488 ; free physical = 3692 ; free virtual = 8582
---------------------------------------------------------------------------------
Netlist sorting complete. Time (s): cpu = 00:00:00.01 ; elapsed = 00:00:00.01 . Memory (MB): peak = 2123.227 ; gain = 0.000 ; free physical = 3692 ; free virtual = 8582
INFO: [Project 1-570] Preparing netlist for logic optimization

Processing XDC Constraints
Initializing timing engine
Parsing XDC File [/home/niranjan/XilinxToolsProjects/convolutionSystem/convolutionSystem.gen/sources_1/bd/convolutionSystem/ip/convolutionSystem_axis_dwidth_converter_0_0/convolutionSystem_axis_dwidth_converter_0_0_ooc.xdc] for cell 'inst'
Finished Parsing XDC File [/home/niranjan/XilinxToolsProjects/convolutionSystem/convolutionSystem.gen/sources_1/bd/convolutionSystem/ip/convolutionSystem_axis_dwidth_converter_0_0/convolutionSystem_axis_dwidth_converter_0_0_ooc.xdc] for cell 'inst'
Parsing XDC File [/home/niranjan/XilinxToolsProjects/convolutionSystem/convolutionSystem.runs/convolutionSystem_axis_dwidth_converter_0_0_synth_1/dont_touch.xdc]
Finished Parsing XDC File [/home/niranjan/XilinxToolsProjects/convolutionSystem/convolutionSystem.runs/convolutionSystem_axis_dwidth_converter_0_0_synth_1/dont_touch.xdc]
Completed Processing XDC Constraints

Netlist sorting complete. Time (s): cpu = 00:00:00 ; elapsed = 00:00:00 . Memory (MB): peak = 2263.977 ; gain = 0.000 ; free physical = 3964 ; free virtual = 8858
INFO: [Project 1-111] Unisim Transformation Summary:
No Unisim elements were transformed.

Constraint Validation Runtime : Time (s): cpu = 00:00:00.05 ; elapsed = 00:00:00.03 . Memory (MB): peak = 2263.977 ; gain = 0.000 ; free physical = 3965 ; free virtual = 8859
INFO: [Designutils 20-5008] Incremental synthesis strategy off
---------------------------------------------------------------------------------
Finished Constraint Validation : Time (s): cpu = 00:00:20 ; elapsed = 00:00:20 . Memory (MB): peak = 2263.977 ; gain = 612.238 ; free physical = 5478 ; free virtual = 10372
---------------------------------------------------------------------------------
---------------------------------------------------------------------------------
Start Loading Part and Timing Information
---------------------------------------------------------------------------------
Loading part: xc7z020clg400-1
---------------------------------------------------------------------------------
Finished Loading Part and Timing Information : Time (s): cpu = 00:00:20 ; elapsed = 00:00:20 . Memory (MB): peak = 2263.977 ; gain = 612.238 ; free physical = 5478 ; free virtual = 10372
---------------------------------------------------------------------------------
---------------------------------------------------------------------------------
Start Applying 'set_property' XDC Constraints
---------------------------------------------------------------------------------
Applied set_property KEEP_HIERARCHY = SOFT for inst. (constraint file  /home/niranjan/XilinxToolsProjects/convolutionSystem/convolutionSystem.runs/convolutionSystem_axis_dwidth_converter_0_0_synth_1/dont_touch.xdc, line 9).
---------------------------------------------------------------------------------
Finished applying 'set_property' XDC Constraints : Time (s): cpu = 00:00:20 ; elapsed = 00:00:20 . Memory (MB): peak = 2263.977 ; gain = 612.238 ; free physical = 5478 ; free virtual = 10371
---------------------------------------------------------------------------------
INFO: [Synth 8-4490] FSM extraction disabled for register 'state_reg' through user attribute
INFO: [Synth 8-4490] FSM extraction disabled for register 'state_reg' through user attribute
---------------------------------------------------------------------------------
Finished RTL Optimization Phase 2 : Time (s): cpu = 00:00:20 ; elapsed = 00:00:21 . Memory (MB): peak = 2263.977 ; gain = 612.238 ; free physical = 5470 ; free virtual = 10366
---------------------------------------------------------------------------------
---------------------------------------------------------------------------------
Start RTL Component Statistics 
---------------------------------------------------------------------------------
Detailed RTL Component Info : 
+---Adders : 
	   2 Input    2 Bit       Adders := 1     
+---Registers : 
	               96 Bit    Registers := 1     
	               32 Bit    Registers := 1     
	               24 Bit    Registers := 5     
	               12 Bit    Registers := 3     
	                4 Bit    Registers := 4     
	                3 Bit    Registers := 17    
	                2 Bit    Registers := 2     
	                1 Bit    Registers := 15    
+---Muxes : 
	   2 Input    4 Bit        Muxes := 3     
	   2 Input    3 Bit        Muxes := 6     
	   3 Input    3 Bit        Muxes := 2     
	   4 Input    3 Bit        Muxes := 1     
	   2 Input    2 Bit        Muxes := 6     
	   3 Input    2 Bit        Muxes := 1     
	   3 Input    1 Bit        Muxes := 1     
	   2 Input    1 Bit        Muxes := 4     
---------------------------------------------------------------------------------
Finished RTL Component Statistics 
---------------------------------------------------------------------------------
---------------------------------------------------------------------------------
Start Part Resource Summary
---------------------------------------------------------------------------------
Part Resources:
DSPs: 220 (col length:60)
BRAMs: 280 (col length: RAMB18 60 RAMB36 30)
---------------------------------------------------------------------------------
Finished Part Resource Summary
---------------------------------------------------------------------------------
---------------------------------------------------------------------------------
Start Cross Boundary and Area Optimization
---------------------------------------------------------------------------------
WARNING: [Synth 8-7080] Parallel synthesis criteria is not met
WARNING: [Synth 8-7129] Port s_axis_tstrb[2] in module axis_dwidth_converter_v1_1_27_axis_dwidth_converter is either unconnected or has no load
WARNING: [Synth 8-7129] Port s_axis_tstrb[1] in module axis_dwidth_converter_v1_1_27_axis_dwidth_converter is either unconnected or has no load
WARNING: [Synth 8-7129] Port s_axis_tstrb[0] in module axis_dwidth_converter_v1_1_27_axis_dwidth_converter is either unconnected or has no load
WARNING: [Synth 8-7129] Port s_axis_tkeep[2] in module axis_dwidth_converter_v1_1_27_axis_dwidth_converter is either unconnected or has no load
WARNING: [Synth 8-7129] Port s_axis_tkeep[1] in module axis_dwidth_converter_v1_1_27_axis_dwidth_converter is either unconnected or has no load
WARNING: [Synth 8-7129] Port s_axis_tkeep[0] in module axis_dwidth_converter_v1_1_27_axis_dwidth_converter is either unconnected or has no load
WARNING: [Synth 8-7129] Port s_axis_tlast in module axis_dwidth_converter_v1_1_27_axis_dwidth_converter is either unconnected or has no load
WARNING: [Synth 8-7129] Port s_axis_tid[0] in module axis_dwidth_converter_v1_1_27_axis_dwidth_converter is either unconnected or has no load
WARNING: [Synth 8-7129] Port s_axis_tdest[0] in module axis_dwidth_converter_v1_1_27_axis_dwidth_converter is either unconnected or has no load
WARNING: [Synth 8-7129] Port s_axis_tuser[0] in module axis_dwidth_converter_v1_1_27_axis_dwidth_converter is either unconnected or has no load
---------------------------------------------------------------------------------
Finished Cross Boundary and Area Optimization : Time (s): cpu = 00:00:22 ; elapsed = 00:00:23 . Memory (MB): peak = 2263.977 ; gain = 612.238 ; free physical = 6785 ; free virtual = 11679
---------------------------------------------------------------------------------
---------------------------------------------------------------------------------
Start Applying XDC Timing Constraints
---------------------------------------------------------------------------------
---------------------------------------------------------------------------------
Finished Applying XDC Timing Constraints : Time (s): cpu = 00:00:31 ; elapsed = 00:00:31 . Memory (MB): peak = 2263.977 ; gain = 612.238 ; free physical = 6000 ; free virtual = 10897
---------------------------------------------------------------------------------
---------------------------------------------------------------------------------
Start Timing Optimization
---------------------------------------------------------------------------------
---------------------------------------------------------------------------------
Finished Timing Optimization : Time (s): cpu = 00:00:31 ; elapsed = 00:00:32 . Memory (MB): peak = 2263.977 ; gain = 612.238 ; free physical = 6000 ; free virtual = 10897
---------------------------------------------------------------------------------
---------------------------------------------------------------------------------
Start Technology Mapping
---------------------------------------------------------------------------------
---------------------------------------------------------------------------------
Finished Technology Mapping : Time (s): cpu = 00:00:31 ; elapsed = 00:00:32 . Memory (MB): peak = 2263.977 ; gain = 612.238 ; free physical = 5999 ; free virtual = 10897
---------------------------------------------------------------------------------
---------------------------------------------------------------------------------
Start IO Insertion
---------------------------------------------------------------------------------
---------------------------------------------------------------------------------
Start Flattening Before IO Insertion
---------------------------------------------------------------------------------
---------------------------------------------------------------------------------
Finished Flattening Before IO Insertion
---------------------------------------------------------------------------------
---------------------------------------------------------------------------------
Start Final Netlist Cleanup
---------------------------------------------------------------------------------
---------------------------------------------------------------------------------
Finished Final Netlist Cleanup
---------------------------------------------------------------------------------
---------------------------------------------------------------------------------
Finished IO Insertion : Time (s): cpu = 00:00:37 ; elapsed = 00:00:38 . Memory (MB): peak = 2263.977 ; gain = 612.238 ; free physical = 5997 ; free virtual = 10894
---------------------------------------------------------------------------------
---------------------------------------------------------------------------------
Start Renaming Generated Instances
---------------------------------------------------------------------------------
---------------------------------------------------------------------------------
Finished Renaming Generated Instances : Time (s): cpu = 00:00:37 ; elapsed = 00:00:38 . Memory (MB): peak = 2263.977 ; gain = 612.238 ; free physical = 5997 ; free virtual = 10894
---------------------------------------------------------------------------------
---------------------------------------------------------------------------------
Start Rebuilding User Hierarchy
---------------------------------------------------------------------------------
---------------------------------------------------------------------------------
Finished Rebuilding User Hierarchy : Time (s): cpu = 00:00:37 ; elapsed = 00:00:38 . Memory (MB): peak = 2263.977 ; gain = 612.238 ; free physical = 5997 ; free virtual = 10894
---------------------------------------------------------------------------------
---------------------------------------------------------------------------------
Start Renaming Generated Ports
---------------------------------------------------------------------------------
---------------------------------------------------------------------------------
Finished Renaming Generated Ports : Time (s): cpu = 00:00:37 ; elapsed = 00:00:38 . Memory (MB): peak = 2263.977 ; gain = 612.238 ; free physical = 5997 ; free virtual = 10894
---------------------------------------------------------------------------------
---------------------------------------------------------------------------------
Start Handling Custom Attributes
---------------------------------------------------------------------------------
---------------------------------------------------------------------------------
Finished Handling Custom Attributes : Time (s): cpu = 00:00:37 ; elapsed = 00:00:38 . Memory (MB): peak = 2263.977 ; gain = 612.238 ; free physical = 5996 ; free virtual = 10894
---------------------------------------------------------------------------------
---------------------------------------------------------------------------------
Start Renaming Generated Nets
---------------------------------------------------------------------------------
---------------------------------------------------------------------------------
Finished Renaming Generated Nets : Time (s): cpu = 00:00:37 ; elapsed = 00:00:38 . Memory (MB): peak = 2263.977 ; gain = 612.238 ; free physical = 5996 ; free virtual = 10894
---------------------------------------------------------------------------------
---------------------------------------------------------------------------------
Start Writing Synthesis Report
---------------------------------------------------------------------------------

Report BlackBoxes: 
+-+--------------+----------+
| |BlackBox name |Instances |
+-+--------------+----------+
+-+--------------+----------+

Report Cell Usage: 
+------+-----+------+
|      |Cell |Count |
+------+-----+------+
|1     |LUT1 |     1|
|2     |LUT2 |     2|
|3     |LUT3 |     2|
|4     |LUT4 |     5|
|5     |LUT5 |    69|
|6     |LUT6 |     9|
|7     |FDRE |   263|
+------+-----+------+
---------------------------------------------------------------------------------
Finished Writing Synthesis Report : Time (s): cpu = 00:00:37 ; elapsed = 00:00:38 . Memory (MB): peak = 2263.977 ; gain = 612.238 ; free physical = 5996 ; free virtual = 10894
---------------------------------------------------------------------------------
Synthesis finished with 0 errors, 0 critical warnings and 11 warnings.
Synthesis Optimization Runtime : Time (s): cpu = 00:00:34 ; elapsed = 00:00:34 . Memory (MB): peak = 2263.977 ; gain = 471.488 ; free physical = 5996 ; free virtual = 10894
Synthesis Optimization Complete : Time (s): cpu = 00:00:37 ; elapsed = 00:00:38 . Memory (MB): peak = 2263.977 ; gain = 612.238 ; free physical = 5996 ; free virtual = 10894
INFO: [Project 1-571] Translating synthesized netlist
Netlist sorting complete. Time (s): cpu = 00:00:00.01 ; elapsed = 00:00:00.01 . Memory (MB): peak = 2263.977 ; gain = 0.000 ; free physical = 6260 ; free virtual = 11157
INFO: [Project 1-570] Preparing netlist for logic optimization
INFO: [Opt 31-138] Pushed 0 inverter(s) to 0 load pin(s).
Netlist sorting complete. Time (s): cpu = 00:00:00 ; elapsed = 00:00:00 . Memory (MB): peak = 2263.977 ; gain = 0.000 ; free physical = 6233 ; free virtual = 11130
INFO: [Project 1-111] Unisim Transformation Summary:
No Unisim elements were transformed.

Synth Design complete | Checksum: 335f9050
INFO: [Common 17-83] Releasing license: Synthesis
43 Infos, 51 Warnings, 0 Critical Warnings and 0 Errors encountered.
synth_design completed successfully
synth_design: Time (s): cpu = 00:00:51 ; elapsed = 00:00:46 . Memory (MB): peak = 2263.977 ; gain = 953.801 ; free physical = 6231 ; free virtual = 11128
INFO: [Common 17-2834] synth_design peak Physical Memory [PSS] (MB): overall = 1643.549; main = 1340.253; forked = 315.524
INFO: [Common 17-2834] synth_design peak Virtual Memory [VSS] (MB): overall = 3197.176; main = 2263.980; forked = 965.211
INFO: [Common 17-1381] The checkpoint '/home/niranjan/XilinxToolsProjects/convolutionSystem/convolutionSystem.runs/convolutionSystem_axis_dwidth_converter_0_0_synth_1/convolutionSystem_axis_dwidth_converter_0_0.dcp' has been generated.
INFO: [Coretcl 2-1648] Added synthesis output to IP cache for IP convolutionSystem_axis_dwidth_converter_0_0, cache-ID = 05bf82adb2bee58a
INFO: [Coretcl 2-1174] Renamed 3 cell refs.
INFO: [Common 17-1381] The checkpoint '/home/niranjan/XilinxToolsProjects/convolutionSystem/convolutionSystem.runs/convolutionSystem_axis_dwidth_converter_0_0_synth_1/convolutionSystem_axis_dwidth_converter_0_0.dcp' has been generated.
INFO: [runtcl-4] Executing : report_utilization -file convolutionSystem_axis_dwidth_converter_0_0_utilization_synth.rpt -pb convolutionSystem_axis_dwidth_converter_0_0_utilization_synth.pb
INFO: [Common 17-206] Exiting Vivado at Thu Feb  6 15:28:00 2025...
